2026-Feb-10 22:25:43.827319
Starting deployment of chronus to assistai-server-01.
2026-Feb-10 22:25:44.746720
Preparing container with helper image: ghcr.io/coollabsio/coolify-helper:1.0.12
2026-Feb-10 22:25:45.229632
[CMD]: docker stop -t 30 k80oggso00wg48sskcogcos8
2026-Feb-10 22:25:45.229632
Error response from daemon: No such container: k80oggso00wg48sskcogcos8
2026-Feb-10 22:25:45.780942
[CMD]: docker run -d --network coolify --name k80oggso00wg48sskcogcos8  --rm -v /root/.docker/config.json:/root/.docker/config.json:ro -v /var/run/docker.sock:/var/run/docker.sock ghcr.io/coollabsio/coolify-helper:1.0.12
2026-Feb-10 22:25:45.780942
5c7df1333de66a98504ffd21951b3c4210da06521efdb33183aa60d0d7a17c87
2026-Feb-10 22:25:48.739358
[CMD]: docker exec k80oggso00wg48sskcogcos8 bash -c 'GIT_SSH_COMMAND="ssh -o ConnectTimeout=30 -p 22 -o Port=22 -o LogLevel=ERROR -o StrictHostKeyChecking=no -o UserKnownHostsFile=/dev/null" git ls-remote https://x-access-token:<REDACTED>@github.com/assistai-lat/chronus.git refs/heads/main'
2026-Feb-10 22:25:48.739358
e90b204b1403c7979954ebf60f9246d7a4d11160	refs/heads/main
2026-Feb-10 22:25:49.217920
----------------------------------------
2026-Feb-10 22:25:49.227657
Importing assistai-lat/chronus:main (commit sha e90b204b1403c7979954ebf60f9246d7a4d11160) to /artifacts/k80oggso00wg48sskcogcos8.
2026-Feb-10 22:25:49.763325
[CMD]: docker exec k80oggso00wg48sskcogcos8 bash -c 'git clone --depth=1 --recurse-submodules --shallow-submodules -b 'main' 'https://x-access-token:<REDACTED>@github.com/assistai-lat/chronus.git' '/artifacts/k80oggso00wg48sskcogcos8' && cd '/artifacts/k80oggso00wg48sskcogcos8' && if [ -f .gitmodules ]; then git submodule sync && GIT_SSH_COMMAND="ssh -o StrictHostKeyChecking=no -o UserKnownHostsFile=/dev/null" git submodule update --init --recursive --depth=1; fi && cd '/artifacts/k80oggso00wg48sskcogcos8' && GIT_SSH_COMMAND="ssh -o StrictHostKeyChecking=no -o UserKnownHostsFile=/dev/null" git lfs pull'
2026-Feb-10 22:25:49.763325
Cloning into '/artifacts/k80oggso00wg48sskcogcos8'...
2026-Feb-10 22:25:53.011599
[CMD]: docker exec k80oggso00wg48sskcogcos8 bash -c 'cd /artifacts/k80oggso00wg48sskcogcos8 && git log -1 e90b204b1403c7979954ebf60f9246d7a4d11160 --pretty=%B'
2026-Feb-10 22:25:53.011599
feat(reports): enhance dev reports, add on-screen preview & secure data
2026-Feb-10 22:25:59.524947
[CMD]: docker exec k80oggso00wg48sskcogcos8 bash -c 'test -f /artifacts/k80oggso00wg48sskcogcos8/apps/backend/Dockerfile && echo 'exists' || echo 'not found''
2026-Feb-10 22:25:59.524947
exists
2026-Feb-10 22:26:00.049356
[CMD]: docker exec k80oggso00wg48sskcogcos8 bash -c 'cat /artifacts/k80oggso00wg48sskcogcos8/apps/backend/Dockerfile'
2026-Feb-10 22:26:00.049356
# Build stage
2026-Feb-10 22:26:00.049356
FROM node:20-alpine AS builder
2026-Feb-10 22:26:00.049356
2026-Feb-10 22:26:00.049356
WORKDIR /app
2026-Feb-10 22:26:00.049356
2026-Feb-10 22:26:00.049356
# Copiar package files
2026-Feb-10 22:26:00.049356
COPY package*.json ./
2026-Feb-10 22:26:00.049356
COPY apps/backend/package*.json ./apps/backend/
2026-Feb-10 22:26:00.049356
2026-Feb-10 22:26:00.049356
# Instalar dependencias
2026-Feb-10 22:26:00.049356
RUN npm ci --workspace=apps/backend
2026-Feb-10 22:26:00.049356
2026-Feb-10 22:26:00.049356
# Copiar código fuente del backend
2026-Feb-10 22:26:00.049356
COPY apps/backend ./apps/backend
2026-Feb-10 22:26:00.049356
2026-Feb-10 22:26:00.049356
# Build TypeScript
2026-Feb-10 22:26:00.049356
RUN npm run --workspace=apps/backend build
2026-Feb-10 22:26:00.049356
2026-Feb-10 22:26:00.049356
# Production stage
2026-Feb-10 22:26:00.049356
FROM node:20-alpine AS runner
2026-Feb-10 22:26:00.049356
2026-Feb-10 22:26:00.049356
WORKDIR /app
2026-Feb-10 22:26:00.049356
2026-Feb-10 22:26:00.049356
# Instalar runtime dependencies
2026-Feb-10 22:26:00.049356
RUN apk add --no-cache wget openssl ca-certificates
2026-Feb-10 22:26:00.049356
2026-Feb-10 22:26:00.049356
# Copiar package files
2026-Feb-10 22:26:00.049356
COPY package*.json ./
2026-Feb-10 22:26:00.049356
COPY apps/backend/package*.json ./apps/backend/
2026-Feb-10 22:26:00.049356
2026-Feb-10 22:26:00.049356
# Instalar solo producción
2026-Feb-10 22:26:00.049356
RUN npm ci --workspace=apps/backend --omit=dev
2026-Feb-10 22:26:00.049356
2026-Feb-10 22:26:00.049356
# Copiar Prisma Client generado del builder
2026-Feb-10 22:26:00.049356
COPY --from=builder /app/node_modules/.prisma /app/node_modules/.prisma
2026-Feb-10 22:26:00.049356
COPY --from=builder /app/node_modules/@prisma/client /app/node_modules/@prisma/client
2026-Feb-10 22:26:00.049356
2026-Feb-10 22:26:00.049356
# Copiar carpeta prisma para migraciones
2026-Feb-10 22:26:00.049356
COPY --from=builder /app/apps/backend/prisma ./apps/backend/prisma
2026-Feb-10 22:26:00.049356
2026-Feb-10 22:26:00.049356
# Copiar build
2026-Feb-10 22:26:00.049356
COPY --from=builder /app/apps/backend/dist ./apps/backend/dist
2026-Feb-10 22:26:00.049356
2026-Feb-10 22:26:00.049356
# Eliminar binarios incompatibles de Prisma (Forzar uso de OpenSSL 3.0)
2026-Feb-10 22:26:00.049356
RUN rm -f /app/node_modules/.prisma/client/*openssl-1.1.x*
2026-Feb-10 22:26:00.049356
2026-Feb-10 22:26:00.049356
ENV NODE_ENV=production
2026-Feb-10 22:26:00.049356
ENV PORT=3001
2026-Feb-10 22:26:00.049356
2026-Feb-10 22:26:00.049356
EXPOSE 3001
2026-Feb-10 22:26:00.049356
2026-Feb-10 22:26:00.049356
CMD ["node", "apps/backend/dist/index.js"]
2026-Feb-10 22:26:00.602427
Added 76 ARG declarations to Dockerfile for service chronusdev-backend (multi-stage build, added to 2 stages).
2026-Feb-10 22:26:01.146199
[CMD]: docker exec k80oggso00wg48sskcogcos8 bash -c 'test -f /artifacts/k80oggso00wg48sskcogcos8/apps/frontend/Dockerfile && echo 'exists' || echo 'not found''
2026-Feb-10 22:26:01.146199
exists
2026-Feb-10 22:26:01.687732
[CMD]: docker exec k80oggso00wg48sskcogcos8 bash -c 'cat /artifacts/k80oggso00wg48sskcogcos8/apps/frontend/Dockerfile'
2026-Feb-10 22:26:01.687732
# Build stage
2026-Feb-10 22:26:01.687732
FROM node:20-alpine AS builder
2026-Feb-10 22:26:01.687732
2026-Feb-10 22:26:01.687732
WORKDIR /app
2026-Feb-10 22:26:01.687732
2026-Feb-10 22:26:01.687732
# Copiar package files
2026-Feb-10 22:26:01.687732
COPY package*.json ./
2026-Feb-10 22:26:01.687732
COPY apps/frontend/package*.json ./apps/frontend/
2026-Feb-10 22:26:01.687732
2026-Feb-10 22:26:01.687732
# Instalar dependencias
2026-Feb-10 22:26:01.687732
RUN npm ci --workspace=apps/frontend
2026-Feb-10 22:26:01.687732
2026-Feb-10 22:26:01.687732
# Copiar código fuente
2026-Feb-10 22:26:01.687732
COPY apps/frontend ./apps/frontend
2026-Feb-10 22:26:01.687732
2026-Feb-10 22:26:01.687732
# Variables de build
2026-Feb-10 22:26:01.687732
ARG NEXT_PUBLIC_API_URL
2026-Feb-10 22:26:01.687732
ENV NEXT_PUBLIC_API_URL=${NEXT_PUBLIC_API_URL}
2026-Feb-10 22:26:01.687732
2026-Feb-10 22:26:01.687732
# Build Next.js
2026-Feb-10 22:26:01.687732
RUN npm run --workspace=apps/frontend build
2026-Feb-10 22:26:01.687732
2026-Feb-10 22:26:01.687732
# Production stage
2026-Feb-10 22:26:01.687732
FROM node:20-alpine AS runner
2026-Feb-10 22:26:01.687732
2026-Feb-10 22:26:01.687732
WORKDIR /app
2026-Feb-10 22:26:01.687732
2026-Feb-10 22:26:01.687732
ENV NODE_ENV=production
2026-Feb-10 22:26:01.687732
ENV PORT=3000
2026-Feb-10 22:26:01.687732
2026-Feb-10 22:26:01.687732
# Crear usuario no-root
2026-Feb-10 22:26:01.687732
RUN addgroup --system --gid 1001 nodejs
2026-Feb-10 22:26:01.687732
RUN adduser --system --uid 1001 nextjs
2026-Feb-10 22:26:01.687732
2026-Feb-10 22:26:01.687732
# Copiar archivos necesarios
2026-Feb-10 22:26:01.687732
COPY --from=builder /app/apps/frontend/public ./apps/frontend/public
2026-Feb-10 22:26:01.687732
COPY --from=builder --chown=nextjs:nodejs /app/apps/frontend/.next/standalone ./
2026-Feb-10 22:26:01.687732
COPY --from=builder --chown=nextjs:nodejs /app/apps/frontend/.next/static ./apps/frontend/.next/static
2026-Feb-10 22:26:01.687732
2026-Feb-10 22:26:01.687732
USER nextjs
2026-Feb-10 22:26:01.687732
2026-Feb-10 22:26:01.687732
EXPOSE 3000
2026-Feb-10 22:26:01.687732
2026-Feb-10 22:26:01.687732
CMD ["node", "apps/frontend/server.js"]
2026-Feb-10 22:26:02.308157
Added 76 ARG declarations to Dockerfile for service chronusdev-frontend (multi-stage build, added to 2 stages).
2026-Feb-10 22:26:02.869287
[CMD]: docker exec k80oggso00wg48sskcogcos8 bash -c 'test -f /artifacts/k80oggso00wg48sskcogcos8/apps/crm/Dockerfile && echo 'exists' || echo 'not found''
2026-Feb-10 22:26:02.869287
exists
2026-Feb-10 22:26:03.523426
[CMD]: docker exec k80oggso00wg48sskcogcos8 bash -c 'cat /artifacts/k80oggso00wg48sskcogcos8/apps/crm/Dockerfile'
2026-Feb-10 22:26:03.523426
# Build Stage
2026-Feb-10 22:26:03.523426
FROM node:20-bookworm-slim AS builder
2026-Feb-10 22:26:03.523426
# Install build dependencies for native modules
2026-Feb-10 22:26:03.523426
RUN apt-get update && apt-get install -y openssl python3 make g++
2026-Feb-10 22:26:03.523426
2026-Feb-10 22:26:03.523426
WORKDIR /app
2026-Feb-10 22:26:03.523426
COPY package*.json ./
2026-Feb-10 22:26:03.523426
COPY prisma ./prisma/
2026-Feb-10 22:26:03.523426
RUN npm ci
2026-Feb-10 22:26:03.523426
COPY . .
2026-Feb-10 22:26:03.523426
ARG DATABASE_URL
2026-Feb-10 22:26:03.523426
RUN npx prisma generate
2026-Feb-10 22:26:03.523426
RUN npm run build
2026-Feb-10 22:26:03.523426
2026-Feb-10 22:26:03.523426
# Production Stage
2026-Feb-10 22:26:03.523426
FROM node:20-bookworm-slim
2026-Feb-10 22:26:03.523426
WORKDIR /app
2026-Feb-10 22:26:03.523426
COPY --from=builder /app/package*.json ./
2026-Feb-10 22:26:03.523426
COPY --from=builder /app/node_modules ./node_modules
2026-Feb-10 22:26:03.523426
COPY --from=builder /app/dist ./dist
2026-Feb-10 22:26:03.523426
COPY --from=builder /app/prisma ./prisma
2026-Feb-10 22:26:03.523426
COPY --from=builder /app/prisma.config.ts ./
2026-Feb-10 22:26:03.523426
# Copy public assets if any
2026-Feb-10 22:26:03.523426
COPY --from=builder /app/public ./public
2026-Feb-10 22:26:03.523426
2026-Feb-10 22:26:03.523426
# Install runtime dependencies
2026-Feb-10 22:26:03.523426
RUN apt-get update && apt-get install -y openssl curl ca-certificates
2026-Feb-10 22:26:03.523426
2026-Feb-10 22:26:03.523426
# Copy entrypoint script
2026-Feb-10 22:26:03.523426
COPY entrypoint.sh ./
2026-Feb-10 22:26:03.523426
RUN chmod +x entrypoint.sh
2026-Feb-10 22:26:03.523426
2026-Feb-10 22:26:03.523426
EXPOSE 3002
2026-Feb-10 22:26:03.523426
ENTRYPOINT ["./entrypoint.sh"]
2026-Feb-10 22:26:03.523426
CMD ["node", "dist/index.js"]
2026-Feb-10 22:26:04.162734
Added 76 ARG declarations to Dockerfile for service chronuscrm-backend (multi-stage build, added to 2 stages).
2026-Feb-10 22:26:04.862112
[CMD]: docker exec k80oggso00wg48sskcogcos8 bash -c 'test -f /artifacts/k80oggso00wg48sskcogcos8/apps/crm-frontend/Dockerfile && echo 'exists' || echo 'not found''
2026-Feb-10 22:26:04.862112
exists
2026-Feb-10 22:26:05.449485
[CMD]: docker exec k80oggso00wg48sskcogcos8 bash -c 'cat /artifacts/k80oggso00wg48sskcogcos8/apps/crm-frontend/Dockerfile'
2026-Feb-10 22:26:05.449485
# Build stage
2026-Feb-10 22:26:05.449485
FROM node:20-alpine AS builder
2026-Feb-10 22:26:05.449485
2026-Feb-10 22:26:05.449485
WORKDIR /app
2026-Feb-10 22:26:05.449485
2026-Feb-10 22:26:05.449485
# Copy package files
2026-Feb-10 22:26:05.449485
COPY apps/crm-frontend/package*.json ./
2026-Feb-10 22:26:05.449485
2026-Feb-10 22:26:05.449485
# Install ALL dependencies (including dev for TypeScript and Next.js build)
2026-Feb-10 22:26:05.449485
RUN npm ci
2026-Feb-10 22:26:05.449485
2026-Feb-10 22:26:05.449485
# Copy source code
2026-Feb-10 22:26:05.449485
COPY apps/crm-frontend ./
2026-Feb-10 22:26:05.449485
2026-Feb-10 22:26:05.449485
# Variables de build
2026-Feb-10 22:26:05.449485
ARG NEXT_PUBLIC_CRM_API_URL
2026-Feb-10 22:26:05.449485
ENV NEXT_PUBLIC_CRM_API_URL=${NEXT_PUBLIC_CRM_API_URL}
2026-Feb-10 22:26:05.449485
ARG NEXT_PUBLIC_API_URL
2026-Feb-10 22:26:05.449485
ENV NEXT_PUBLIC_API_URL=${NEXT_PUBLIC_API_URL}
2026-Feb-10 22:26:05.449485
2026-Feb-10 22:26:05.449485
# Build Next.js
2026-Feb-10 22:26:05.449485
RUN npm run build
2026-Feb-10 22:26:05.449485
2026-Feb-10 22:26:05.449485
# Production stage
2026-Feb-10 22:26:05.449485
FROM node:20-alpine AS runner
2026-Feb-10 22:26:05.449485
2026-Feb-10 22:26:05.449485
WORKDIR /app
2026-Feb-10 22:26:05.449485
2026-Feb-10 22:26:05.449485
ENV NODE_ENV=production
2026-Feb-10 22:26:05.449485
ENV PORT=3003
2026-Feb-10 22:26:05.449485
2026-Feb-10 22:26:05.449485
# Create non-root user
2026-Feb-10 22:26:05.449485
RUN addgroup --system --gid 1001 nodejs
2026-Feb-10 22:26:05.449485
RUN adduser --system --uid 1001 nextjs
2026-Feb-10 22:26:05.449485
2026-Feb-10 22:26:05.449485
# Copy necessary files from builder
2026-Feb-10 22:26:05.449485
# In standalone mode, .next/standalone contains: server.js, .next/, public/, node_modules/
2026-Feb-10 22:26:05.449485
# The .next directory inside standalone already has everything needed
2026-Feb-10 22:26:05.449485
COPY --from=builder --chown=nextjs:nodejs /app/.next/standalone ./
2026-Feb-10 22:26:05.449485
# Copy static files to ensure they're accessible (standalone includes them but we copy explicitly)
2026-Feb-10 22:26:05.449485
COPY --from=builder --chown=nextjs:nodejs /app/.next/static ./.next/static
2026-Feb-10 22:26:05.449485
2026-Feb-10 22:26:05.449485
USER nextjs
2026-Feb-10 22:26:05.449485
2026-Feb-10 22:26:05.449485
EXPOSE 3003
2026-Feb-10 22:26:05.449485
2026-Feb-10 22:26:05.449485
CMD ["node", "server.js"]
2026-Feb-10 22:26:06.030203
Added 76 ARG declarations to Dockerfile for service chronuscrm-frontend (multi-stage build, added to 2 stages).
2026-Feb-10 22:26:06.067168
Pulling & building required images.
2026-Feb-10 22:26:06.296715
Creating build-time .env file in /artifacts (outside Docker context).
2026-Feb-10 22:26:06.873194
Adding build arguments to Docker Compose build command.
2026-Feb-10 22:26:08.065471
[CMD]: docker exec k80oggso00wg48sskcogcos8 bash -c 'COOLIFY_BRANCH=main COOLIFY_RESOURCE_UUID=awoc4ggoows4ooskwgcs4w44  docker compose --env-file /artifacts/build-time.env --project-name awoc4ggoows4ooskwgcs4w44 --project-directory /artifacts/k80oggso00wg48sskcogcos8 -f /artifacts/k80oggso00wg48sskcogcos8/docker-compose.yml build --pull --build-arg COOLIFY_URL --build-arg COOLIFY_FQDN --build-arg CHRONUSDEV_URL --build-arg CRM_FRONTEND_URL --build-arg DATABASE_URL --build-arg CRM_BACKEND_INTERNAL_URL --build-arg CHRONUSDEV_DATABASE_URL --build-arg GOOGLE_CLIENT_ID --build-arg GOOGLE_CLIENT_SECRET --build-arg JWT_SECRET --build-arg NEXT_PUBLIC_API_URL --build-arg API_PUBLIC_URL --build-arg CHRONUSDEV_API_URL --build-arg CHRONUSDEV_TOKEN --build-arg ASSISTAI_API_URL --build-arg ASSISTAI_TENANT_DOMAIN --build-arg ASSISTAI_ORG_CODE --build-arg SERVICE_URL_CHRONUSDEV_BACKEND --build-arg NEXT_PUBLIC_CRM_URL --build-arg SERVICE_FQDN_CHRONUSDEV_BACKEND --build-arg SERVICE_URL_CHRONUSDEV_FRONTEND --build-arg SERVICE_FQDN_CHRONUSDEV_FRONTEND --build-arg SERVICE_URL_CHRONUSCRM_BACKEND --build-arg SERVICE_FQDN_CHRONUSCRM_BACKEND --build-arg SERVICE_URL_CHRONUSCRM_FRONTEND --build-arg SERVICE_FQDN_CHRONUSCRM_FRONTEND --build-arg ASSISTAI_API_TOKEN --build-arg PORT --build-arg CHRONUSDEV_FRONTEND_URL --build-arg CRM_PUBLIC_URL --build-arg GOOGLE_REDIRECT_URI --build-arg NEXT_PUBLIC_CRM_API_URL --build-arg NEXT_PUBLIC_CHRONUS_APP_URL --build-arg CHRONUSDEV_BACKEND_URL --build-arg NEXT_PUBLIC_CRM_APP_URL --build-arg CRM_SYNC_KEY --build-arg CHRONUSCRM_API_URL --build-arg CHRONUSDEV_FRONTEND_API_URL --build-arg COOLIFY_BUILD_SECRETS_HASH=b32889914b1a615ee6e6b2942936754d68f226765f44c6681b680072da4c0543'
2026-Feb-10 22:26:08.065471
#1 [internal] load local bake definitions
2026-Feb-10 22:26:08.202974
#1 reading from stdin 14.69kB done
2026-Feb-10 22:26:08.202974
#1 DONE 0.0s
2026-Feb-10 22:26:08.304633
#2 [chronuscrm-backend internal] load build definition from Dockerfile
2026-Feb-10 22:26:08.304633
#2 transferring dockerfile: 2.88kB done
2026-Feb-10 22:26:08.304633
#2 DONE 0.1s
2026-Feb-10 22:26:08.304633
2026-Feb-10 22:26:08.304633
#3 [chronusdev-backend internal] load build definition from Dockerfile
2026-Feb-10 22:26:08.304633
#3 transferring dockerfile: 3.26kB done
2026-Feb-10 22:26:08.304633
#3 DONE 0.1s
2026-Feb-10 22:26:08.304633
2026-Feb-10 22:26:08.304633
#4 [chronuscrm-frontend internal] load build definition from Dockerfile
2026-Feb-10 22:26:08.304633
#4 transferring dockerfile: 3.14kB done
2026-Feb-10 22:26:08.304633
#4 DONE 0.1s
2026-Feb-10 22:26:08.304633
2026-Feb-10 22:26:08.304633
#5 [chronusdev-backend internal] load metadata for docker.io/library/node:20-alpine
2026-Feb-10 22:26:08.466195
#5 ...
2026-Feb-10 22:26:08.466195
2026-Feb-10 22:26:08.466195
#6 [chronusdev-frontend internal] load build definition from Dockerfile
2026-Feb-10 22:26:08.466195
#6 transferring dockerfile: 2.96kB done
2026-Feb-10 22:26:08.466195
#6 DONE 0.1s
2026-Feb-10 22:26:08.466195
2026-Feb-10 22:26:08.466195
#7 [chronuscrm-backend internal] load metadata for docker.io/library/node:20-bookworm-slim
2026-Feb-10 22:26:08.466195
#7 DONE 0.2s
2026-Feb-10 22:26:08.466195
2026-Feb-10 22:26:08.466195
#5 [chronusdev-frontend internal] load metadata for docker.io/library/node:20-alpine
2026-Feb-10 22:26:08.567911
#5 DONE 0.2s
2026-Feb-10 22:26:08.567911
2026-Feb-10 22:26:08.567911
#8 [chronuscrm-backend internal] load .dockerignore
2026-Feb-10 22:26:08.567911
#8 transferring context: 75B done
2026-Feb-10 22:26:08.567911
#8 DONE 0.0s
2026-Feb-10 22:26:08.567911
2026-Feb-10 22:26:08.567911
#9 [chronusdev-backend internal] load .dockerignore
2026-Feb-10 22:26:08.567911
#9 transferring context: 119B done
2026-Feb-10 22:26:08.567911
#9 DONE 0.0s
2026-Feb-10 22:26:08.567911
2026-Feb-10 22:26:08.567911
#10 [chronuscrm-backend internal] load build context
2026-Feb-10 22:26:08.567911
#10 DONE 0.0s
2026-Feb-10 22:26:08.567911
2026-Feb-10 22:26:08.567911
#11 [chronuscrm-backend builder 1/9] FROM docker.io/library/node:20-bookworm-slim@sha256:c6585df72c34172bebd8d36abed961e231d7d3b5cee2e01294c4495e8a03f687
2026-Feb-10 22:26:08.567911
#11 DONE 0.0s
2026-Feb-10 22:26:08.567911
2026-Feb-10 22:26:08.567911
#12 [chronusdev-frontend builder 1/7] FROM docker.io/library/node:20-alpine@sha256:09e2b3d9726018aecf269bd35325f46bf75046a643a66d28360ec71132750ec8
2026-Feb-10 22:26:08.567911
#12 DONE 0.0s
2026-Feb-10 22:26:08.567911
2026-Feb-10 22:26:08.567911
#13 [chronusdev-frontend internal] load build context
2026-Feb-10 22:26:08.567911
#13 DONE 0.0s
2026-Feb-10 22:26:08.711767
#11 [chronuscrm-backend builder 1/9] FROM docker.io/library/node:20-bookworm-slim@sha256:c6585df72c34172bebd8d36abed961e231d7d3b5cee2e01294c4495e8a03f687
2026-Feb-10 22:26:08.711767
#11 CACHED
2026-Feb-10 22:26:08.711767
2026-Feb-10 22:26:08.711767
#12 [chronuscrm-frontend builder 1/7] FROM docker.io/library/node:20-alpine@sha256:09e2b3d9726018aecf269bd35325f46bf75046a643a66d28360ec71132750ec8
2026-Feb-10 22:26:08.711767
#12 DONE 0.0s
2026-Feb-10 22:26:08.711767
2026-Feb-10 22:26:08.711767
#14 [chronusdev-backend builder 2/7] WORKDIR /app
2026-Feb-10 22:26:08.711767
#14 CACHED
2026-Feb-10 22:26:08.711767
2026-Feb-10 22:26:08.711767
#10 [chronuscrm-backend internal] load build context
2026-Feb-10 22:26:08.923225
#10 ...
2026-Feb-10 22:26:08.923225
2026-Feb-10 22:26:08.923225
#15 [chronuscrm-backend stage-1  2/11] WORKDIR /app
2026-Feb-10 22:26:08.923225
#15 DONE 0.3s
2026-Feb-10 22:26:08.923225
2026-Feb-10 22:26:08.923225
#10 [chronuscrm-backend internal] load build context
2026-Feb-10 22:26:09.379114
#10 ...
2026-Feb-10 22:26:09.379114
2026-Feb-10 22:26:09.379114
#13 [chronusdev-frontend internal] load build context
2026-Feb-10 22:26:09.379114
#13 transferring context: 1.26MB 0.5s done
2026-Feb-10 22:26:09.379114
#13 DONE 0.8s
2026-Feb-10 22:26:09.379114
2026-Feb-10 22:26:09.379114
#10 [chronuscrm-backend internal] load build context
2026-Feb-10 22:26:09.694362
#10 ...
2026-Feb-10 22:26:09.694362
2026-Feb-10 22:26:09.694362
#16 [chronusdev-backend internal] load build context
2026-Feb-10 22:26:09.694362
#16 transferring context: 3.21MB 0.6s done
2026-Feb-10 22:26:09.694362
#16 DONE 0.9s
2026-Feb-10 22:26:09.694362
2026-Feb-10 22:26:09.694362
#10 [chronuscrm-backend internal] load build context
2026-Feb-10 22:26:09.782728
#10 ...
2026-Feb-10 22:26:09.782728
2026-Feb-10 22:26:09.782728
#17 [chronuscrm-frontend internal] load build context
2026-Feb-10 22:26:09.782728
#17 transferring context: 2.59MB 0.5s done
2026-Feb-10 22:26:09.782728
#17 DONE 1.1s
2026-Feb-10 22:26:09.782728
2026-Feb-10 22:26:09.782728
#10 [chronuscrm-backend internal] load build context
2026-Feb-10 22:26:10.055969
#10 transferring context: 19.75MB 1.3s done
2026-Feb-10 22:26:10.055969
#10 DONE 1.4s
2026-Feb-10 22:26:10.055969
2026-Feb-10 22:26:10.055969
#18 [chronusdev-frontend builder 3/7] COPY package*.json ./
2026-Feb-10 22:26:10.055969
#18 DONE 0.5s
2026-Feb-10 22:26:10.055969
2026-Feb-10 22:26:10.055969
#19 [chronusdev-backend builder 3/7] COPY package*.json ./
2026-Feb-10 22:26:10.055969
#19 CACHED
2026-Feb-10 22:26:10.055969
2026-Feb-10 22:26:10.055969
#20 [chronuscrm-frontend builder 3/6] COPY apps/crm-frontend/package*.json ./
2026-Feb-10 22:26:10.055969
#20 DONE 0.3s
2026-Feb-10 22:26:10.055969
2026-Feb-10 22:26:10.055969
#21 [chronuscrm-backend builder 2/9] RUN apt-get update && apt-get install -y openssl python3 make g++
2026-Feb-10 22:26:10.191204
#21 ...
2026-Feb-10 22:26:10.191204
2026-Feb-10 22:26:10.191204
#22 [chronusdev-frontend builder 4/7] COPY apps/frontend/package*.json ./apps/frontend/
2026-Feb-10 22:26:10.191204
#22 DONE 0.3s
2026-Feb-10 22:26:10.305264
#23 [chronusdev-frontend runner 3/7] RUN addgroup --system --gid 1001 nodejs
2026-Feb-10 22:26:10.305264
#23 DONE 1.6s
2026-Feb-10 22:26:10.305264
2026-Feb-10 22:26:10.305264
#24 [chronusdev-backend builder 4/7] COPY apps/backend/package*.json ./apps/backend/
2026-Feb-10 22:26:10.305264
#24 DONE 0.4s
2026-Feb-10 22:26:10.305264
2026-Feb-10 22:26:10.305264
#25 [chronusdev-backend builder 5/7] RUN npm ci --workspace=apps/backend
2026-Feb-10 22:26:10.408364
#25 ...
2026-Feb-10 22:26:10.408364
2026-Feb-10 22:26:10.408364
#26 [chronuscrm-frontend runner 3/6] RUN addgroup --system --gid 1001 nodejs
2026-Feb-10 22:26:10.408364
#26 DONE 1.8s
2026-Feb-10 22:26:10.578849
#27 [chronuscrm-frontend runner 4/6] RUN adduser --system --uid 1001 nextjs
2026-Feb-10 22:26:11.458784
#27 ...
2026-Feb-10 22:26:11.458784
2026-Feb-10 22:26:11.458784
#28 [chronusdev-frontend runner 4/7] RUN adduser --system --uid 1001 nextjs
2026-Feb-10 22:26:11.458784
#28 DONE 1.1s
2026-Feb-10 22:26:11.577962
2026-Feb-10 22:26:11.586276
#27 [chronuscrm-frontend runner 4/6] RUN adduser --system --uid 1001 nextjs
2026-Feb-10 22:26:11.586276
#27 DONE 1.2s
2026-Feb-10 22:26:11.586276
2026-Feb-10 22:26:11.586276
#21 [chronuscrm-backend builder 2/9] RUN apt-get update && apt-get install -y openssl python3 make g++
2026-Feb-10 22:26:11.586276
#21 0.916 Get:1 http://deb.debian.org/debian bookworm InRelease [151 kB]
2026-Feb-10 22:26:11.586276
#21 0.947 Get:2 http://deb.debian.org/debian bookworm-updates InRelease [55.4 kB]
2026-Feb-10 22:26:11.586276
#21 0.947 Get:3 http://deb.debian.org/debian-security bookworm-security InRelease [48.0 kB]
2026-Feb-10 22:26:11.586276
#21 1.153 Get:4 http://deb.debian.org/debian bookworm/main amd64 Packages [8792 kB]
2026-Feb-10 22:26:11.586276
#21 1.528 Get:5 http://deb.debian.org/debian bookworm-updates/main amd64 Packages [6924 B]
2026-Feb-10 22:26:11.786652
#21 1.855 Get:6 http://deb.debian.org/debian-security bookworm-security/main amd64 Packages [295 kB]
2026-Feb-10 22:26:11.929997
#21 ...
2026-Feb-10 22:26:11.929997
2026-Feb-10 22:26:11.929997
#29 [chronusdev-backend runner  3/11] RUN apk add --no-cache wget openssl ca-certificates
2026-Feb-10 22:26:11.929997
#29 2.445 (1/6) Installing ca-certificates (20251003-r0)
2026-Feb-10 22:26:11.929997
#29 2.505 (2/6) Installing openssl (3.5.5-r0)
2026-Feb-10 22:26:11.929997
#29 2.528 (3/6) Installing libunistring (1.4.1-r0)
2026-Feb-10 22:26:11.929997
#29 2.572 (4/6) Installing libidn2 (2.3.8-r0)
2026-Feb-10 22:26:11.929997
#29 2.580 (5/6) Installing pcre2 (10.47-r0)
2026-Feb-10 22:26:11.929997
#29 2.607 (6/6) Installing wget (1.25.0-r2)
2026-Feb-10 22:26:11.929997
#29 2.624 Executing busybox-1.37.0-r30.trigger
2026-Feb-10 22:26:11.929997
#29 2.673 Executing ca-certificates-20251003-r0.trigger
2026-Feb-10 22:26:11.929997
#29 2.978 OK: 15.1 MiB in 24 packages
2026-Feb-10 22:26:11.929997
#29 DONE 3.3s
2026-Feb-10 22:26:12.021866
#30 [chronusdev-backend runner  4/11] COPY package*.json ./
2026-Feb-10 22:26:12.021866
#30 DONE 0.1s
2026-Feb-10 22:26:12.021866
2026-Feb-10 22:26:12.021866
#31 [chronusdev-frontend builder 5/7] RUN npm ci --workspace=apps/frontend
2026-Feb-10 22:26:12.128293
#31 ...
2026-Feb-10 22:26:12.128293
2026-Feb-10 22:26:12.128293
#32 [chronusdev-backend runner  5/11] COPY apps/backend/package*.json ./apps/backend/
2026-Feb-10 22:26:12.128293
#32 DONE 0.1s
2026-Feb-10 22:26:12.277976
#33 [chronusdev-backend runner  6/11] RUN npm ci --workspace=apps/backend --omit=dev
2026-Feb-10 22:26:17.576137
#33 ...
2026-Feb-10 22:26:17.576137
2026-Feb-10 22:26:17.576137
#21 [chronuscrm-backend builder 2/9] RUN apt-get update && apt-get install -y openssl python3 make g++
2026-Feb-10 22:26:17.576137
#21 3.072 Fetched 9348 kB in 2s (4271 kB/s)
2026-Feb-10 22:26:17.576137
#21 3.072 Reading package lists...
2026-Feb-10 22:26:17.576137
#21 4.317 Reading package lists...
2026-Feb-10 22:26:17.576137
#21 5.782 Building dependency tree...
2026-Feb-10 22:26:17.576137
#21 6.153 Reading state information...
2026-Feb-10 22:26:17.576137
#21 6.743 The following additional packages will be installed:
2026-Feb-10 22:26:17.576137
#21 6.743   binutils binutils-common binutils-x86-64-linux-gnu ca-certificates cpp
2026-Feb-10 22:26:17.576137
#21 6.743   cpp-12 fontconfig-config fonts-dejavu-core g++-12 gcc gcc-12 krb5-locales
2026-Feb-10 22:26:17.576137
#21 6.746   libabsl20220623 libaom3 libasan8 libatomic1 libavif15 libbinutils libbrotli1
2026-Feb-10 22:26:17.576137
#21 6.746   libbsd0 libc-dev-bin libc-devtools libc6-dev libcc1-0 libcrypt-dev
2026-Feb-10 22:26:17.576137
#21 6.746   libctf-nobfd0 libctf0 libdav1d6 libde265-0 libdeflate0 libexpat1
2026-Feb-10 22:26:17.576137
#21 6.746   libfontconfig1 libfreetype6 libgav1-1 libgcc-12-dev libgd3 libgomp1 libgpm2
2026-Feb-10 22:26:17.576137
#21 6.746   libgprofng0 libgssapi-krb5-2 libheif1 libisl23 libitm1 libjansson4 libjbig0
2026-Feb-10 22:26:17.576137
#21 6.746   libjpeg62-turbo libk5crypto3 libkeyutils1 libkrb5-3 libkrb5support0 liblerc4
2026-Feb-10 22:26:17.576137
#21 6.746   liblsan0 libmpc3 libmpfr6 libncursesw6 libnsl-dev libnsl2 libnuma1
2026-Feb-10 22:26:17.576137
#21 6.746   libpng16-16 libpython3-stdlib libpython3.11-minimal libpython3.11-stdlib
2026-Feb-10 22:26:17.576137
#21 6.746   libquadmath0 librav1e0 libreadline8 libsqlite3-0 libssl3 libstdc++-12-dev
2026-Feb-10 22:26:17.576137
#21 6.746   libsvtav1enc1 libtiff6 libtirpc-common libtirpc-dev libtirpc3 libtsan2
2026-Feb-10 22:26:17.576137
#21 6.746   libubsan1 libwebp7 libx11-6 libx11-data libx265-199 libxau6 libxcb1
2026-Feb-10 22:26:17.576137
#21 6.746   libxdmcp6 libxpm4 libyuv0 linux-libc-dev manpages manpages-dev media-types
2026-Feb-10 22:26:17.576137
#21 6.746   python3-minimal python3.11 python3.11-minimal readline-common rpcsvc-proto
2026-Feb-10 22:26:17.576137
#21 6.746 Suggested packages:
2026-Feb-10 22:26:17.576137
#21 6.746   binutils-doc cpp-doc gcc-12-locales cpp-12-doc g++-multilib g++-12-multilib
2026-Feb-10 22:26:17.576137
#21 6.746   gcc-12-doc gcc-multilib autoconf automake libtool flex bison gdb gcc-doc
2026-Feb-10 22:26:17.576137
#21 6.746   gcc-12-multilib glibc-doc libgd-tools gpm krb5-doc krb5-user
2026-Feb-10 22:26:17.576137
#21 6.746   libstdc++-12-doc make-doc man-browser python3-doc python3-tk python3-venv
2026-Feb-10 22:26:17.576137
#21 6.746   python3.11-venv python3.11-doc binfmt-support readline-doc
2026-Feb-10 22:26:17.886680
#21 7.953 The following NEW packages will be installed:
2026-Feb-10 22:26:17.892532
#21 7.953   binutils binutils-common binutils-x86-64-linux-gnu ca-certificates cpp
2026-Feb-10 22:26:18.011988
#21 7.954   cpp-12 fontconfig-config fonts-dejavu-core g++ g++-12 gcc gcc-12
2026-Feb-10 22:26:18.011988
#21 7.954   krb5-locales libabsl20220623 libaom3 libasan8 libatomic1 libavif15
2026-Feb-10 22:26:18.011988
#21 7.954   libbinutils libbrotli1 libbsd0 libc-dev-bin libc-devtools libc6-dev libcc1-0
2026-Feb-10 22:26:18.011988
#21 7.954   libcrypt-dev libctf-nobfd0 libctf0 libdav1d6 libde265-0 libdeflate0
2026-Feb-10 22:26:18.011988
#21 7.954   libexpat1 libfontconfig1 libfreetype6 libgav1-1 libgcc-12-dev libgd3
2026-Feb-10 22:26:18.011988
#21 7.954   libgomp1 libgpm2 libgprofng0 libgssapi-krb5-2 libheif1 libisl23 libitm1
2026-Feb-10 22:26:18.011988
#21 7.954   libjansson4 libjbig0 libjpeg62-turbo libk5crypto3 libkeyutils1 libkrb5-3
2026-Feb-10 22:26:18.011988
#21 7.954   libkrb5support0 liblerc4 liblsan0 libmpc3 libmpfr6 libncursesw6 libnsl-dev
2026-Feb-10 22:26:18.011988
#21 7.954   libnsl2 libnuma1 libpng16-16 libpython3-stdlib libpython3.11-minimal
2026-Feb-10 22:26:18.011988
#21 7.955   libpython3.11-stdlib libquadmath0 librav1e0 libreadline8 libsqlite3-0
2026-Feb-10 22:26:18.011988
#21 7.955   libssl3 libstdc++-12-dev libsvtav1enc1 libtiff6 libtirpc-common libtirpc-dev
2026-Feb-10 22:26:18.011988
#21 7.955   libtirpc3 libtsan2 libubsan1 libwebp7 libx11-6 libx11-data libx265-199
2026-Feb-10 22:26:18.011988
#21 7.957   libxau6 libxcb1 libxdmcp6 libxpm4 libyuv0 linux-libc-dev make manpages
2026-Feb-10 22:26:18.011988
#21 7.957   manpages-dev media-types openssl python3 python3-minimal python3.11
2026-Feb-10 22:26:18.011988
#21 7.957   python3.11-minimal readline-common rpcsvc-proto
2026-Feb-10 22:26:18.011988
#21 8.024 0 upgraded, 97 newly installed, 0 to remove and 0 not upgraded.
2026-Feb-10 22:26:18.011988
#21 8.024 Need to get 91.3 MB of archives.
2026-Feb-10 22:26:18.011988
#21 8.024 After this operation, 354 MB of additional disk space will be used.
2026-Feb-10 22:26:18.011988
#21 8.024 Get:1 http://deb.debian.org/debian-security bookworm-security/main amd64 libssl3 amd64 3.0.18-1~deb12u2 [2030 kB]
2026-Feb-10 22:26:18.011988
#21 8.038 Get:2 http://deb.debian.org/debian bookworm/main amd64 libpython3.11-minimal amd64 3.11.2-6+deb12u6 [817 kB]
2026-Feb-10 22:26:18.011988
#21 8.051 Get:3 http://deb.debian.org/debian bookworm/main amd64 libexpat1 amd64 2.5.0-1+deb12u2 [99.9 kB]
2026-Feb-10 22:26:18.011988
#21 8.051 Get:4 http://deb.debian.org/debian bookworm/main amd64 python3.11-minimal amd64 3.11.2-6+deb12u6 [2064 kB]
2026-Feb-10 22:26:18.011988
#21 8.077 Get:5 http://deb.debian.org/debian bookworm/main amd64 python3-minimal amd64 3.11.2-1+b1 [26.3 kB]
2026-Feb-10 22:26:18.124595
#21 8.079 Get:6 http://deb.debian.org/debian bookworm/main amd64 media-types all 10.0.0 [26.1 kB]
2026-Feb-10 22:26:18.124595
#21 8.079 Get:7 http://deb.debian.org/debian bookworm/main amd64 libncursesw6 amd64 6.4-4 [134 kB]
2026-Feb-10 22:26:18.124595
#21 8.083 Get:8 http://deb.debian.org/debian bookworm/main amd64 libkrb5support0 amd64 1.20.1-2+deb12u4 [33.2 kB]
2026-Feb-10 22:26:18.124595
#21 8.084 Get:9 http://deb.debian.org/debian bookworm/main amd64 libk5crypto3 amd64 1.20.1-2+deb12u4 [79.8 kB]
2026-Feb-10 22:26:18.124595
#21 8.087 Get:10 http://deb.debian.org/debian bookworm/main amd64 libkeyutils1 amd64 1.6.3-2 [8808 B]
2026-Feb-10 22:26:18.124595
#21 8.088 Get:11 http://deb.debian.org/debian bookworm/main amd64 libkrb5-3 amd64 1.20.1-2+deb12u4 [334 kB]
2026-Feb-10 22:26:18.124595
#21 8.090 Get:12 http://deb.debian.org/debian bookworm/main amd64 libgssapi-krb5-2 amd64 1.20.1-2+deb12u4 [135 kB]
2026-Feb-10 22:26:18.124595
#21 8.095 Get:13 http://deb.debian.org/debian bookworm/main amd64 libtirpc-common all 1.3.3+ds-1 [14.0 kB]
2026-Feb-10 22:26:18.124595
#21 8.098 Get:14 http://deb.debian.org/debian bookworm/main amd64 libtirpc3 amd64 1.3.3+ds-1 [85.2 kB]
2026-Feb-10 22:26:18.124595
#21 8.104 Get:15 http://deb.debian.org/debian bookworm/main amd64 libnsl2 amd64 1.3.0-2 [39.5 kB]
2026-Feb-10 22:26:18.124595
#21 8.104 Get:16 http://deb.debian.org/debian bookworm/main amd64 readline-common all 8.2-1.3 [69.0 kB]
2026-Feb-10 22:26:18.124595
#21 8.105 Get:17 http://deb.debian.org/debian bookworm/main amd64 libreadline8 amd64 8.2-1.3 [166 kB]
2026-Feb-10 22:26:18.124595
#21 8.106 Get:18 http://deb.debian.org/debian bookworm/main amd64 libsqlite3-0 amd64 3.40.1-2+deb12u2 [839 kB]
2026-Feb-10 22:26:18.124595
#21 8.126 Get:19 http://deb.debian.org/debian bookworm/main amd64 libpython3.11-stdlib amd64 3.11.2-6+deb12u6 [1798 kB]
2026-Feb-10 22:26:18.124595
#21 8.139 Get:20 http://deb.debian.org/debian bookworm/main amd64 python3.11 amd64 3.11.2-6+deb12u6 [573 kB]
2026-Feb-10 22:26:18.124595
#21 8.144 Get:21 http://deb.debian.org/debian bookworm/main amd64 libpython3-stdlib amd64 3.11.2-1+b1 [9312 B]
2026-Feb-10 22:26:18.124595
#21 8.151 Get:22 http://deb.debian.org/debian bookworm/main amd64 python3 amd64 3.11.2-1+b1 [26.3 kB]
2026-Feb-10 22:26:18.124595
#21 8.151 Get:23 http://deb.debian.org/debian-security bookworm-security/main amd64 openssl amd64 3.0.18-1~deb12u2 [1433 kB]
2026-Feb-10 22:26:18.124595
#21 8.164 Get:24 http://deb.debian.org/debian bookworm/main amd64 ca-certificates all 20230311+deb12u1 [155 kB]
2026-Feb-10 22:26:18.124595
#21 8.168 Get:25 http://deb.debian.org/debian bookworm/main amd64 krb5-locales all 1.20.1-2+deb12u4 [63.4 kB]
2026-Feb-10 22:26:18.124595
#21 8.172 Get:26 http://deb.debian.org/debian bookworm/main amd64 manpages all 6.03-2 [1332 kB]
2026-Feb-10 22:26:18.124595
#21 8.192 Get:27 http://deb.debian.org/debian bookworm/main amd64 binutils-common amd64 2.40-2 [2487 kB]
2026-Feb-10 22:26:18.270771
#21 8.223 Get:28 http://deb.debian.org/debian bookworm/main amd64 libbinutils amd64 2.40-2 [572 kB]
2026-Feb-10 22:26:18.277046
#21 8.227 Get:29 http://deb.debian.org/debian bookworm/main amd64 libctf-nobfd0 amd64 2.40-2 [153 kB]
2026-Feb-10 22:26:18.277046
#21 8.229 Get:30 http://deb.debian.org/debian bookworm/main amd64 libctf0 amd64 2.40-2 [89.8 kB]
2026-Feb-10 22:26:18.277046
#21 8.230 Get:31 http://deb.debian.org/debian bookworm/main amd64 libgprofng0 amd64 2.40-2 [812 kB]
2026-Feb-10 22:26:18.277046
#21 8.238 Get:32 http://deb.debian.org/debian bookworm/main amd64 libjansson4 amd64 2.14-2 [40.8 kB]
2026-Feb-10 22:26:18.277046
#21 8.239 Get:33 http://deb.debian.org/debian bookworm/main amd64 binutils-x86-64-linux-gnu amd64 2.40-2 [2246 kB]
2026-Feb-10 22:26:18.277046
#21 8.260 Get:34 http://deb.debian.org/debian bookworm/main amd64 binutils amd64 2.40-2 [65.0 kB]
2026-Feb-10 22:26:18.277046
#21 8.261 Get:35 http://deb.debian.org/debian bookworm/main amd64 libisl23 amd64 0.25-1.1 [683 kB]
2026-Feb-10 22:26:18.277046
#21 8.268 Get:36 http://deb.debian.org/debian bookworm/main amd64 libmpfr6 amd64 4.2.0-1 [701 kB]
2026-Feb-10 22:26:18.277046
#21 8.274 Get:37 http://deb.debian.org/debian bookworm/main amd64 libmpc3 amd64 1.3.1-1 [51.5 kB]
2026-Feb-10 22:26:18.277046
#21 8.274 Get:38 http://deb.debian.org/debian bookworm/main amd64 cpp-12 amd64 12.2.0-14+deb12u1 [9768 kB]
2026-Feb-10 22:26:18.277046
#21 8.340 Get:39 http://deb.debian.org/debian bookworm/main amd64 cpp amd64 4:12.2.0-3 [6836 B]
2026-Feb-10 22:26:18.517487
#21 8.341 Get:40 http://deb.debian.org/debian bookworm/main amd64 fonts-dejavu-core all 2.37-6 [1068 kB]
2026-Feb-10 22:26:18.517487
#21 8.354 Get:41 http://deb.debian.org/debian bookworm/main amd64 fontconfig-config amd64 2.14.1-4 [315 kB]
2026-Feb-10 22:26:18.517487
#21 8.357 Get:42 http://deb.debian.org/debian bookworm/main amd64 libcc1-0 amd64 12.2.0-14+deb12u1 [41.7 kB]
2026-Feb-10 22:26:18.517487
#21 8.359 Get:43 http://deb.debian.org/debian bookworm/main amd64 libgomp1 amd64 12.2.0-14+deb12u1 [116 kB]
2026-Feb-10 22:26:18.517487
#21 8.363 Get:44 http://deb.debian.org/debian bookworm/main amd64 libitm1 amd64 12.2.0-14+deb12u1 [26.1 kB]
2026-Feb-10 22:26:18.517487
#21 8.366 Get:45 http://deb.debian.org/debian bookworm/main amd64 libatomic1 amd64 12.2.0-14+deb12u1 [9376 B]
2026-Feb-10 22:26:18.517487
#21 8.366 Get:46 http://deb.debian.org/debian bookworm/main amd64 libasan8 amd64 12.2.0-14+deb12u1 [2193 kB]
2026-Feb-10 22:26:18.517487
#21 8.384 Get:47 http://deb.debian.org/debian bookworm/main amd64 liblsan0 amd64 12.2.0-14+deb12u1 [969 kB]
2026-Feb-10 22:26:18.517487
#21 8.392 Get:48 http://deb.debian.org/debian bookworm/main amd64 libtsan2 amd64 12.2.0-14+deb12u1 [2197 kB]
2026-Feb-10 22:26:18.517487
#21 8.404 Get:49 http://deb.debian.org/debian bookworm/main amd64 libubsan1 amd64 12.2.0-14+deb12u1 [883 kB]
2026-Feb-10 22:26:18.517487
#21 8.418 Get:50 http://deb.debian.org/debian bookworm/main amd64 libquadmath0 amd64 12.2.0-14+deb12u1 [145 kB]
2026-Feb-10 22:26:18.517487
#21 8.418 Get:51 http://deb.debian.org/debian bookworm/main amd64 libgcc-12-dev amd64 12.2.0-14+deb12u1 [2437 kB]
2026-Feb-10 22:26:18.517487
#21 8.435 Get:52 http://deb.debian.org/debian bookworm/main amd64 gcc-12 amd64 12.2.0-14+deb12u1 [19.3 MB]
2026-Feb-10 22:26:18.585668
#21 8.655 Get:53 http://deb.debian.org/debian bookworm/main amd64 gcc amd64 4:12.2.0-3 [5216 B]
2026-Feb-10 22:26:18.591054
#21 8.655 Get:54 http://deb.debian.org/debian bookworm/main amd64 libc-dev-bin amd64 2.36-9+deb12u13 [47.4 kB]
2026-Feb-10 22:26:18.764881
#21 8.658 Get:55 http://deb.debian.org/debian-security bookworm-security/main amd64 linux-libc-dev amd64 6.1.162-1 [2237 kB]
2026-Feb-10 22:26:18.764881
#21 8.680 Get:56 http://deb.debian.org/debian bookworm/main amd64 libcrypt-dev amd64 1:4.4.33-2 [118 kB]
2026-Feb-10 22:26:18.764881
#21 8.681 Get:57 http://deb.debian.org/debian bookworm/main amd64 libtirpc-dev amd64 1.3.3+ds-1 [191 kB]
2026-Feb-10 22:26:18.764881
#21 8.684 Get:58 http://deb.debian.org/debian bookworm/main amd64 libnsl-dev amd64 1.3.0-2 [66.4 kB]
2026-Feb-10 22:26:18.764881
#21 8.684 Get:59 http://deb.debian.org/debian bookworm/main amd64 rpcsvc-proto amd64 1.4.3-1 [63.3 kB]
2026-Feb-10 22:26:18.764881
#21 8.685 Get:60 http://deb.debian.org/debian bookworm/main amd64 libc6-dev amd64 2.36-9+deb12u13 [1904 kB]
2026-Feb-10 22:26:18.764881
#21 8.704 Get:61 http://deb.debian.org/debian bookworm/main amd64 libstdc++-12-dev amd64 12.2.0-14+deb12u1 [2047 kB]
2026-Feb-10 22:26:18.764881
#21 8.718 Get:62 http://deb.debian.org/debian bookworm/main amd64 g++-12 amd64 12.2.0-14+deb12u1 [10.7 MB]
2026-Feb-10 22:26:18.764881
#21 8.833 Get:63 http://deb.debian.org/debian bookworm/main amd64 g++ amd64 4:12.2.0-3 [1356 B]
2026-Feb-10 22:26:18.896051
#21 8.836 Get:64 http://deb.debian.org/debian bookworm/main amd64 libabsl20220623 amd64 20220623.1-1+deb12u2 [391 kB]
2026-Feb-10 22:26:18.896051
#21 8.839 Get:65 http://deb.debian.org/debian bookworm/main amd64 libaom3 amd64 3.6.0-1+deb12u2 [1850 kB]
2026-Feb-10 22:26:18.896051
#21 8.859 Get:66 http://deb.debian.org/debian bookworm/main amd64 libdav1d6 amd64 1.0.0-2+deb12u1 [513 kB]
2026-Feb-10 22:26:18.896051
#21 8.861 Get:67 http://deb.debian.org/debian bookworm/main amd64 libgav1-1 amd64 0.18.0-1+b1 [332 kB]
2026-Feb-10 22:26:18.896051
#21 8.864 Get:68 http://deb.debian.org/debian bookworm/main amd64 librav1e0 amd64 0.5.1-6 [763 kB]
2026-Feb-10 22:26:18.896051
#21 8.877 Get:69 http://deb.debian.org/debian bookworm/main amd64 libsvtav1enc1 amd64 1.4.1+dfsg-1 [2121 kB]
2026-Feb-10 22:26:18.896051
#21 8.896 Get:70 http://deb.debian.org/debian bookworm/main amd64 libjpeg62-turbo amd64 1:2.1.5-2 [166 kB]
2026-Feb-10 22:26:18.896051
#21 8.896 Get:71 http://deb.debian.org/debian bookworm/main amd64 libyuv0 amd64 0.0~git20230123.b2528b0-1 [168 kB]
2026-Feb-10 22:26:18.896051
#21 8.902 Get:72 http://deb.debian.org/debian bookworm/main amd64 libavif15 amd64 0.11.1-1+deb12u1 [94.4 kB]
2026-Feb-10 22:26:18.896051
#21 8.902 Get:73 http://deb.debian.org/debian bookworm/main amd64 libbrotli1 amd64 1.0.9-2+b6 [275 kB]
2026-Feb-10 22:26:18.896051
#21 8.906 Get:74 http://deb.debian.org/debian bookworm/main amd64 libbsd0 amd64 0.11.7-2 [117 kB]
2026-Feb-10 22:26:18.896051
#21 8.912 Get:75 http://deb.debian.org/debian bookworm/main amd64 libpng16-16 amd64 1.6.39-2+deb12u1 [276 kB]
2026-Feb-10 22:26:18.896051
#21 8.914 Get:76 http://deb.debian.org/debian bookworm/main amd64 libfreetype6 amd64 2.12.1+dfsg-5+deb12u4 [398 kB]
2026-Feb-10 22:26:18.896051
#21 8.919 Get:77 http://deb.debian.org/debian bookworm/main amd64 libfontconfig1 amd64 2.14.1-4 [386 kB]
2026-Feb-10 22:26:18.896051
#21 8.924 Get:78 http://deb.debian.org/debian bookworm/main amd64 libde265-0 amd64 1.0.11-1+deb12u2 [185 kB]
2026-Feb-10 22:26:18.896051
#21 8.928 Get:79 http://deb.debian.org/debian bookworm/main amd64 libnuma1 amd64 2.0.16-1 [21.0 kB]
2026-Feb-10 22:26:18.896051
#21 8.929 Get:80 http://deb.debian.org/debian bookworm/main amd64 libx265-199 amd64 3.5-2+b1 [1150 kB]
2026-Feb-10 22:26:18.896051
#21 8.966 Get:81 http://deb.debian.org/debian bookworm/main amd64 libheif1 amd64 1.15.1-1+deb12u1 [215 kB]
2026-Feb-10 22:26:19.006718
#21 8.969 Get:82 http://deb.debian.org/debian bookworm/main amd64 libdeflate0 amd64 1.14-1 [61.4 kB]
2026-Feb-10 22:26:19.006718
#21 8.976 Get:83 http://deb.debian.org/debian bookworm/main amd64 libjbig0 amd64 2.1-6.1 [31.7 kB]
2026-Feb-10 22:26:19.006718
#21 8.976 Get:84 http://deb.debian.org/debian bookworm/main amd64 liblerc4 amd64 4.0.0+ds-2 [170 kB]
2026-Feb-10 22:26:19.006718
#21 8.977 Get:85 http://deb.debian.org/debian bookworm/main amd64 libwebp7 amd64 1.2.4-0.2+deb12u1 [286 kB]
2026-Feb-10 22:26:19.006718
#21 8.991 Get:86 http://deb.debian.org/debian bookworm/main amd64 libtiff6 amd64 4.5.0-6+deb12u3 [316 kB]
2026-Feb-10 22:26:19.006718
#21 8.992 Get:87 http://deb.debian.org/debian bookworm/main amd64 libxau6 amd64 1:1.0.9-1 [19.7 kB]
2026-Feb-10 22:26:19.006718
#21 8.995 Get:88 http://deb.debian.org/debian bookworm/main amd64 libxdmcp6 amd64 1:1.1.2-3 [26.3 kB]
2026-Feb-10 22:26:19.006718
#21 9.004 Get:89 http://deb.debian.org/debian bookworm/main amd64 libxcb1 amd64 1.15-1 [144 kB]
2026-Feb-10 22:26:19.006718
#21 9.009 Get:90 http://deb.debian.org/debian bookworm/main amd64 libx11-data all 2:1.8.4-2+deb12u2 [292 kB]
2026-Feb-10 22:26:19.006718
#21 9.032 Get:91 http://deb.debian.org/debian bookworm/main amd64 libx11-6 amd64 2:1.8.4-2+deb12u2 [760 kB]
2026-Feb-10 22:26:19.006718
#21 9.062 Get:92 http://deb.debian.org/debian bookworm/main amd64 libxpm4 amd64 1:3.5.12-1.1+deb12u1 [48.6 kB]
2026-Feb-10 22:26:19.006718
#21 9.062 Get:93 http://deb.debian.org/debian bookworm/main amd64 libgd3 amd64 2.3.3-9 [124 kB]
2026-Feb-10 22:26:19.006718
#21 9.067 Get:94 http://deb.debian.org/debian bookworm/main amd64 libc-devtools amd64 2.36-9+deb12u13 [55.0 kB]
2026-Feb-10 22:26:19.182665
#21 9.074 Get:95 http://deb.debian.org/debian bookworm/main amd64 libgpm2 amd64 1.20.7-10+b1 [14.2 kB]
2026-Feb-10 22:26:19.182665
#21 9.077 Get:96 http://deb.debian.org/debian bookworm/main amd64 make amd64 4.3-4.1 [396 kB]
2026-Feb-10 22:26:19.182665
#21 9.097 Get:97 http://deb.debian.org/debian bookworm/main amd64 manpages-dev all 6.03-2 [2030 kB]
2026-Feb-10 22:26:19.668321
#21 9.733 debconf: delaying package configuration, since apt-utils is not installed
2026-Feb-10 22:26:19.997245
#21 10.05 Fetched 91.3 MB in 1s (79.0 MB/s)
2026-Feb-10 22:26:20.135205
#21 10.19 Selecting previously unselected package libssl3:amd64.
2026-Feb-10 22:26:20.135205
#21 10.19 (Reading database ...
2026-Feb-10 22:26:20.135205
#21 ...
2026-Feb-10 22:26:20.135205
2026-Feb-10 22:26:20.135205
#34 [chronuscrm-frontend builder 4/6] RUN npm ci
2026-Feb-10 22:26:20.264840
#34 ...
2026-Feb-10 22:26:20.264840
2026-Feb-10 22:26:20.264840
#21 [chronuscrm-backend builder 2/9] RUN apt-get update && apt-get install -y openssl python3 make g++
2026-Feb-10 22:26:20.264840
#21 10.19 (Reading database ... 
(Reading database ... 5%
(Reading database ... 10%
(Reading database ... 15%
(Reading database ... 20%
(Reading database ... 25%
(Reading database ... 30%
(Reading database ... 35%
(Reading database ... 40%
(Reading database ... 45%
(Reading database ... 50%
(Reading database ... 55%
(Reading database ... 60%
(Reading database ... 65%
(Reading database ... 70%
(Reading database ... 75%
(Reading database ... 80%
(Reading database ... 85%
2026-Feb-10 22:26:20.395686
(Reading database ... 90%
(Reading database ... 95%
(Reading database ... 100%
(Reading database ... 6096 files and directories currently installed.)
2026-Feb-10 22:26:20.395686
#21 10.40 Preparing to unpack .../libssl3_3.0.18-1~deb12u2_amd64.deb ...
2026-Feb-10 22:26:20.395686
#21 10.47 Unpacking libssl3:amd64 (3.0.18-1~deb12u2) ...
2026-Feb-10 22:26:21.328642
#21 11.40 Selecting previously unselected package libpython3.11-minimal:amd64.
2026-Feb-10 22:26:21.509352
#21 11.40 Preparing to unpack .../libpython3.11-minimal_3.11.2-6+deb12u6_amd64.deb ...
2026-Feb-10 22:26:21.509352
#21 11.43 Unpacking libpython3.11-minimal:amd64 (3.11.2-6+deb12u6) ...
2026-Feb-10 22:26:21.956961
#21 12.02 Selecting previously unselected package libexpat1:amd64.
2026-Feb-10 22:26:22.137715
#21 12.03 Preparing to unpack .../libexpat1_2.5.0-1+deb12u2_amd64.deb ...
2026-Feb-10 22:26:22.137715
#21 12.04 Unpacking libexpat1:amd64 (2.5.0-1+deb12u2) ...
2026-Feb-10 22:26:22.256762
#21 12.33 Selecting previously unselected package python3.11-minimal.
2026-Feb-10 22:26:22.450102
#21 12.33 Preparing to unpack .../python3.11-minimal_3.11.2-6+deb12u6_amd64.deb ...
2026-Feb-10 22:26:22.450102
#21 12.37 Unpacking python3.11-minimal (3.11.2-6+deb12u6) ...
2026-Feb-10 22:26:23.170327
#21 13.23 Setting up libssl3:amd64 (3.0.18-1~deb12u2) ...
2026-Feb-10 22:26:23.268010
#21 13.28 Setting up libpython3.11-minimal:amd64 (3.11.2-6+deb12u6) ...
2026-Feb-10 22:26:23.268010
#21 13.32 Setting up libexpat1:amd64 (2.5.0-1+deb12u2) ...
2026-Feb-10 22:26:23.268010
#21 13.33 Setting up python3.11-minimal (3.11.2-6+deb12u6) ...
2026-Feb-10 22:26:25.076848
#21 15.15 Selecting previously unselected package python3-minimal.
2026-Feb-10 22:26:25.076848
#21 15.15 (Reading database ...
2026-Feb-10 22:26:25.272131
(Reading database ... 5%
(Reading database ... 10%
(Reading database ... 15%
(Reading database ... 20%
(Reading database ... 25%
(Reading database ... 30%
(Reading database ... 35%
(Reading database ... 40%
(Reading database ... 45%
(Reading database ... 50%
(Reading database ... 55%
(Reading database ... 60%
(Reading database ... 65%
(Reading database ... 70%
(Reading database ... 75%
(Reading database ... 80%
(Reading database ... 85%
(Reading database ... 90%
(Reading database ... 95%
(Reading database ... 100%
(Reading database ... 6424 files and directories currently installed.)
2026-Feb-10 22:26:25.279580
#21 15.17 Preparing to unpack .../00-python3-minimal_3.11.2-1+b1_amd64.deb ...
2026-Feb-10 22:26:25.279580
#21 15.19 Unpacking python3-minimal (3.11.2-1+b1) ...
2026-Feb-10 22:26:25.460693
#21 15.53 Selecting previously unselected package media-types.
2026-Feb-10 22:26:25.638886
#21 15.53 Preparing to unpack .../01-media-types_10.0.0_all.deb ...
2026-Feb-10 22:26:25.638886
#21 15.56 Unpacking media-types (10.0.0) ...
2026-Feb-10 22:26:25.732191
#21 15.80 Selecting previously unselected package libncursesw6:amd64.
2026-Feb-10 22:26:25.918560
#21 15.80 Preparing to unpack .../02-libncursesw6_6.4-4_amd64.deb ...
2026-Feb-10 22:26:25.918560
#21 15.84 Unpacking libncursesw6:amd64 (6.4-4) ...
2026-Feb-10 22:26:26.237207
#21 16.15 Selecting previously unselected package libkrb5support0:amd64.
2026-Feb-10 22:26:26.237207
#21 16.16 Preparing to unpack .../03-libkrb5support0_1.20.1-2+deb12u4_amd64.deb ...
2026-Feb-10 22:26:26.237207
#21 16.17 Unpacking libkrb5support0:amd64 (1.20.1-2+deb12u4) ...
2026-Feb-10 22:26:26.237207
#21 16.31 Selecting previously unselected package libk5crypto3:amd64.
2026-Feb-10 22:26:26.237207
#21 16.31 Preparing to unpack .../04-libk5crypto3_1.20.1-2+deb12u4_amd64.deb ...
2026-Feb-10 22:26:26.387218
#21 16.32 Unpacking libk5crypto3:amd64 (1.20.1-2+deb12u4) ...
2026-Feb-10 22:26:26.394355
2026-Feb-10 22:26:26.498878
#21 16.53 Selecting previously unselected package libkeyutils1:amd64.
2026-Feb-10 22:26:26.498878
#21 16.54 Preparing to unpack .../05-libkeyutils1_1.6.3-2_amd64.deb ...
2026-Feb-10 22:26:26.498878
#21 16.57 Unpacking libkeyutils1:amd64 (1.6.3-2) ...
2026-Feb-10 22:26:26.908111
#21 16.82 Selecting previously unselected package libkrb5-3:amd64.
2026-Feb-10 22:26:26.908111
#21 16.82 Preparing to unpack .../06-libkrb5-3_1.20.1-2+deb12u4_amd64.deb ...
2026-Feb-10 22:26:26.914727
#21 16.83 Unpacking libkrb5-3:amd64 (1.20.1-2+deb12u4) ...
2026-Feb-10 22:26:27.054134
#21 17.12 Selecting previously unselected package libgssapi-krb5-2:amd64.
2026-Feb-10 22:26:27.062414
2026-Feb-10 22:26:27.224704
#21 17.13 Preparing to unpack .../07-libgssapi-krb5-2_1.20.1-2+deb12u4_amd64.deb ...
2026-Feb-10 22:26:27.224704
#21 17.14 Unpacking libgssapi-krb5-2:amd64 (1.20.1-2+deb12u4) ...
2026-Feb-10 22:26:27.245034
#21 17.31 Selecting previously unselected package libtirpc-common.
2026-Feb-10 22:26:27.439325
#21 17.32 Preparing to unpack .../08-libtirpc-common_1.3.3+ds-1_all.deb ...
2026-Feb-10 22:26:27.439325
#21 17.36 Unpacking libtirpc-common (1.3.3+ds-1) ...
2026-Feb-10 22:26:27.550701
#21 17.62 Selecting previously unselected package libtirpc3:amd64.
2026-Feb-10 22:26:27.708909
#21 17.62 Preparing to unpack .../09-libtirpc3_1.3.3+ds-1_amd64.deb ...
2026-Feb-10 22:26:27.708909
#21 17.63 Unpacking libtirpc3:amd64 (1.3.3+ds-1) ...
2026-Feb-10 22:26:28.084984
#21 18.15 Selecting previously unselected package libnsl2:amd64.
2026-Feb-10 22:26:28.313291
#21 18.16 Preparing to unpack .../10-libnsl2_1.3.0-2_amd64.deb ...
2026-Feb-10 22:26:28.313291
#21 18.22 Unpacking libnsl2:amd64 (1.3.0-2) ...
2026-Feb-10 22:26:28.492140
#21 18.56 Selecting previously unselected package readline-common.
2026-Feb-10 22:26:28.666798
#21 18.56 Preparing to unpack .../11-readline-common_8.2-1.3_all.deb ...
2026-Feb-10 22:26:28.666798
#21 18.58 Unpacking readline-common (8.2-1.3) ...
2026-Feb-10 22:26:28.801554
#21 18.87 Selecting previously unselected package libreadline8:amd64.
2026-Feb-10 22:26:28.996816
#21 18.87 Preparing to unpack .../12-libreadline8_8.2-1.3_amd64.deb ...
2026-Feb-10 22:26:28.996816
#21 18.90 Unpacking libreadline8:amd64 (8.2-1.3) ...
2026-Feb-10 22:26:29.161880
#21 19.23 Selecting previously unselected package libsqlite3-0:amd64.
2026-Feb-10 22:26:29.161880
#21 19.23 Preparing to unpack .../13-libsqlite3-0_3.40.1-2+deb12u2_amd64.deb ...
2026-Feb-10 22:26:29.357285
#21 19.27 Unpacking libsqlite3-0:amd64 (3.40.1-2+deb12u2) ...
2026-Feb-10 22:26:29.785211
#21 19.86 Selecting previously unselected package libpython3.11-stdlib:amd64.
2026-Feb-10 22:26:29.792676
#21 19.86 Preparing to unpack .../14-libpython3.11-stdlib_3.11.2-6+deb12u6_amd64.deb ...
2026-Feb-10 22:26:29.967068
#21 19.87 Unpacking libpython3.11-stdlib:amd64 (3.11.2-6+deb12u6) ...
2026-Feb-10 22:26:30.337710
#21 20.40 Selecting previously unselected package python3.11.
2026-Feb-10 22:26:30.337710
#21 20.40 Preparing to unpack .../15-python3.11_3.11.2-6+deb12u6_amd64.deb ...
2026-Feb-10 22:26:30.501230
#21 20.42 Unpacking python3.11 (3.11.2-6+deb12u6) ...
2026-Feb-10 22:26:30.532330
#21 20.60 Selecting previously unselected package libpython3-stdlib:amd64.
2026-Feb-10 22:26:30.643713
#21 20.60 Preparing to unpack .../16-libpython3-stdlib_3.11.2-1+b1_amd64.deb ...
2026-Feb-10 22:26:30.643713
#21 20.62 Unpacking libpython3-stdlib:amd64 (3.11.2-1+b1) ...
2026-Feb-10 22:26:30.643713
#21 20.71 Setting up python3-minimal (3.11.2-1+b1) ...
2026-Feb-10 22:26:31.387413
#21 21.44 Selecting previously unselected package python3.
2026-Feb-10 22:26:31.387413
#21 21.44 (Reading database ...
2026-Feb-10 22:26:31.595836
(Reading database ... 5%
(Reading database ... 10%
(Reading database ... 15%
(Reading database ... 20%
(Reading database ... 25%
(Reading database ... 30%
(Reading database ... 35%
(Reading database ... 40%
(Reading database ... 45%
(Reading database ... 50%
(Reading database ... 55%
(Reading database ... 60%
(Reading database ... 65%
(Reading database ... 70%
(Reading database ... 75%
(Reading database ... 80%
(Reading database ... 85%
(Reading database ... 90%
(Reading database ... 95%
(Reading database ... 100%
(Reading database ... 6932 files and directories currently installed.)
2026-Feb-10 22:26:31.595836
#21 21.48 Preparing to unpack .../00-python3_3.11.2-1+b1_amd64.deb ...
2026-Feb-10 22:26:31.595836
#21 21.51 Unpacking python3 (3.11.2-1+b1) ...
2026-Feb-10 22:26:31.640028
#21 21.71 Selecting previously unselected package openssl.
2026-Feb-10 22:26:31.649846
2026-Feb-10 22:26:31.803480
#21 21.71 Preparing to unpack .../01-openssl_3.0.18-1~deb12u2_amd64.deb ...
2026-Feb-10 22:26:31.803480
#21 21.72 Unpacking openssl (3.0.18-1~deb12u2) ...
2026-Feb-10 22:26:32.107962
#21 22.18 Selecting previously unselected package ca-certificates.
2026-Feb-10 22:26:32.271033
#21 22.18 Preparing to unpack .../02-ca-certificates_20230311+deb12u1_all.deb ...
2026-Feb-10 22:26:32.281488
#21 22.19 Unpacking ca-certificates (20230311+deb12u1) ...
2026-Feb-10 22:26:32.356970
#21 22.42 Selecting previously unselected package krb5-locales.
2026-Feb-10 22:26:32.468599
#21 22.43 Preparing to unpack .../03-krb5-locales_1.20.1-2+deb12u4_all.deb ...
2026-Feb-10 22:26:32.468599
#21 22.44 Unpacking krb5-locales (1.20.1-2+deb12u4) ...
2026-Feb-10 22:26:32.468599
#21 22.54 Selecting previously unselected package manpages.
2026-Feb-10 22:26:32.630570
#21 22.55 Preparing to unpack .../04-manpages_6.03-2_all.deb ...
2026-Feb-10 22:26:32.630570
#21 22.55 Unpacking manpages (6.03-2) ...
2026-Feb-10 22:26:32.781743
#21 ...
2026-Feb-10 22:26:32.781743
2026-Feb-10 22:26:32.781743
#25 [chronusdev-backend builder 5/7] RUN npm ci --workspace=apps/backend
2026-Feb-10 22:26:32.781743
#25 12.35 npm warn deprecated lodash.get@4.4.2: This package is deprecated. Use the optional chaining (?.) operator instead.
2026-Feb-10 22:26:32.781743
#25 12.38 npm warn deprecated inflight@1.0.6: This module is not supported, and leaks memory. Do not use it. Check out lru-cache if you want a good and tested way to coalesce async requests by a key value, which is much more comprehensive and powerful.
2026-Feb-10 22:26:32.781743
#25 12.41 npm warn deprecated lodash.isequal@4.5.0: This package is deprecated. Use require('node:util').isDeepStrictEqual instead.
2026-Feb-10 22:26:32.781743
#25 13.92 npm warn deprecated glob@7.1.6: Old versions of glob are not supported, and contain widely publicized security vulnerabilities, which have been fixed in the current version. Please update. Support for old versions may be purchased (at exorbitant rates) by contacting <REDACTED>
2026-Feb-10 22:26:32.781743
#25 14.39 npm warn deprecated node-domexception@1.0.0: Use your platform's native DOMException instead
2026-Feb-10 22:26:32.781743
#25 16.28 npm warn deprecated glob@10.5.0: Old versions of glob are not supported, and contain widely publicized security vulnerabilities, which have been fixed in the current version. Please update. Support for old versions may be purchased (at exorbitant rates) by contacting <REDACTED>
2026-Feb-10 22:26:32.781743
#25 16.38 npm warn deprecated jpeg-exif@1.1.4: Package no longer supported. Contact Support at https://www.npmjs.com/support for more info.
2026-Feb-10 22:26:32.796162
#25 ...
2026-Feb-10 22:26:32.796162
2026-Feb-10 22:26:32.796162
#21 [chronuscrm-backend builder 2/9] RUN apt-get update && apt-get install -y openssl python3 make g++
2026-Feb-10 22:26:32.805597
#21 22.87 Selecting previously unselected package binutils-common:amd64.
2026-Feb-10 22:26:32.953736
#21 22.87 Preparing to unpack .../05-binutils-common_2.40-2_amd64.deb ...
2026-Feb-10 22:26:32.953736
#21 22.87 Unpacking binutils-common:amd64 (2.40-2) ...
2026-Feb-10 22:26:33.103874
#21 ...
2026-Feb-10 22:26:33.115525
#33 [chronusdev-backend runner  6/11] RUN npm ci --workspace=apps/backend --omit=dev
2026-Feb-10 22:26:33.115525
#33 10.89 npm warn deprecated lodash.isequal@4.5.0: This package is deprecated. Use require('node:util').isDeepStrictEqual instead.
2026-Feb-10 22:26:33.115525
#33 11.36 npm warn deprecated lodash.get@4.4.2: This package is deprecated. Use the optional chaining (?.) operator instead.
2026-Feb-10 22:26:33.115525
#33 11.50 npm warn deprecated inflight@1.0.6: This module is not supported, and leaks memory. Do not use it. Check out lru-cache if you want a good and tested way to coalesce async requests by a key value, which is much more comprehensive and powerful.
2026-Feb-10 22:26:33.115525
#33 12.03 npm warn deprecated glob@7.1.6: Old versions of glob are not supported, and contain widely publicized security vulnerabilities, which have been fixed in the current version. Please update. Support for old versions may be purchased (at exorbitant rates) by contacting <REDACTED>
2026-Feb-10 22:26:33.115525
#33 12.45 npm warn deprecated node-domexception@1.0.0: Use your platform's native DOMException instead
2026-Feb-10 22:26:33.115525
#33 13.94 npm warn deprecated jpeg-exif@1.1.4: Package no longer supported. Contact Support at https://www.npmjs.com/support for more info.
2026-Feb-10 22:26:33.115525
#33 14.26 npm warn deprecated glob@10.5.0: Old versions of glob are not supported, and contain widely publicized security vulnerabilities, which have been fixed in the current version. Please update. Support for old versions may be purchased (at exorbitant rates) by contacting <REDACTED>
2026-Feb-10 22:26:33.354982
#33 ...
2026-Feb-10 22:26:33.354982
2026-Feb-10 22:26:33.354982
#21 [chronuscrm-backend builder 2/9] RUN apt-get update && apt-get install -y openssl python3 make g++
2026-Feb-10 22:26:33.354982
#21 23.43 Selecting previously unselected package libbinutils:amd64.
2026-Feb-10 22:26:33.540906
#21 23.43 Preparing to unpack .../06-libbinutils_2.40-2_amd64.deb ...
2026-Feb-10 22:26:33.540906
#21 23.46 Unpacking libbinutils:amd64 (2.40-2) ...
2026-Feb-10 22:26:33.628420
#21 23.69 Selecting previously unselected package libctf-nobfd0:amd64.
2026-Feb-10 22:26:33.628420
#21 23.69 Preparing to unpack .../07-libctf-nobfd0_2.40-2_amd64.deb ...
2026-Feb-10 22:26:33.790325
#21 23.71 Unpacking libctf-nobfd0:amd64 (2.40-2) ...
2026-Feb-10 22:26:33.816890
#21 23.88 Selecting previously unselected package libctf0:amd64.
2026-Feb-10 22:26:33.973929
#21 23.89 Preparing to unpack .../08-libctf0_2.40-2_amd64.deb ...
2026-Feb-10 22:26:33.973929
#21 23.90 Unpacking libctf0:amd64 (2.40-2) ...
2026-Feb-10 22:26:33.973929
#21 24.04 Selecting previously unselected package libgprofng0:amd64.
2026-Feb-10 22:26:34.133196
#21 24.04 Preparing to unpack .../09-libgprofng0_2.40-2_amd64.deb ...
2026-Feb-10 22:26:34.133196
#21 24.05 Unpacking libgprofng0:amd64 (2.40-2) ...
2026-Feb-10 22:26:34.260937
#21 24.33 Selecting previously unselected package libjansson4:amd64.
2026-Feb-10 22:26:34.260937
#21 24.33 Preparing to unpack .../10-libjansson4_2.14-2_amd64.deb ...
2026-Feb-10 22:26:34.403640
#21 24.34 Unpacking libjansson4:amd64 (2.14-2) ...
2026-Feb-10 22:26:34.403640
#21 24.47 Selecting previously unselected package binutils-x86-64-linux-gnu.
2026-Feb-10 22:26:34.403640
#21 24.47 Preparing to unpack .../11-binutils-x86-64-linux-gnu_2.40-2_amd64.deb ...
2026-Feb-10 22:26:34.605806
#21 24.52 Unpacking binutils-x86-64-linux-gnu (2.40-2) ...
2026-Feb-10 22:26:35.272965
#21 25.34 Selecting previously unselected package binutils.
2026-Feb-10 22:26:35.438647
#21 25.34 Preparing to unpack .../12-binutils_2.40-2_amd64.deb ...
2026-Feb-10 22:26:35.438647
#21 25.35 Unpacking binutils (2.40-2) ...
2026-Feb-10 22:26:35.566990
#21 25.64 Selecting previously unselected package libisl23:amd64.
2026-Feb-10 22:26:35.732622
#21 25.64 Preparing to unpack .../13-libisl23_0.25-1.1_amd64.deb ...
2026-Feb-10 22:26:35.741901
#21 25.65 Unpacking libisl23:amd64 (0.25-1.1) ...
2026-Feb-10 22:26:35.831794
#21 25.90 Selecting previously unselected package libmpfr6:amd64.
2026-Feb-10 22:26:35.991661
#21 25.90 Preparing to unpack .../14-libmpfr6_4.2.0-1_amd64.deb ...
2026-Feb-10 22:26:35.991661
#21 25.91 Unpacking libmpfr6:amd64 (4.2.0-1) ...
2026-Feb-10 22:26:36.002247
#21 26.06 Selecting previously unselected package libmpc3:amd64.
2026-Feb-10 22:26:36.095244
#21 26.07 Preparing to unpack .../15-libmpc3_1.3.1-1_amd64.deb ...
2026-Feb-10 22:26:36.095244
#21 26.07 Unpacking libmpc3:amd64 (1.3.1-1) ...
2026-Feb-10 22:26:36.095244
#21 26.16 Selecting previously unselected package cpp-12.
2026-Feb-10 22:26:36.262884
#21 26.17 Preparing to unpack .../16-cpp-12_12.2.0-14+deb12u1_amd64.deb ...
2026-Feb-10 22:26:36.262884
#21 26.17 Unpacking cpp-12 (12.2.0-14+deb12u1) ...
2026-Feb-10 22:26:37.803023
#21 27.87 Selecting previously unselected package cpp.
2026-Feb-10 22:26:37.821179
2026-Feb-10 22:26:37.967632
#21 27.88 Preparing to unpack .../17-cpp_4%3a12.2.0-3_amd64.deb ...
2026-Feb-10 22:26:37.967632
#21 27.89 Unpacking cpp (4:12.2.0-3) ...
2026-Feb-10 22:26:37.977697
#21 28.04 Selecting previously unselected package fonts-dejavu-core.
2026-Feb-10 22:26:38.135955
#21 28.04 Preparing to unpack .../18-fonts-dejavu-core_2.37-6_all.deb ...
2026-Feb-10 22:26:38.135955
#21 28.05 Unpacking fonts-dejavu-core (2.37-6) ...
2026-Feb-10 22:26:38.440850
#21 28.51 Selecting previously unselected package fontconfig-config.
2026-Feb-10 22:26:38.593557
#21 28.51 Preparing to unpack .../19-fontconfig-config_2.14.1-4_amd64.deb ...
2026-Feb-10 22:26:38.971335
#21 29.02 Unpacking fontconfig-config (2.14.1-4) ...
2026-Feb-10 22:26:39.226629
#21 29.29 Selecting previously unselected package libcc1-0:amd64.
2026-Feb-10 22:26:39.226629
#21 29.29 Preparing to unpack .../20-libcc1-0_12.2.0-14+deb12u1_amd64.deb ...
2026-Feb-10 22:26:39.226629
#21 29.29 Unpacking libcc1-0:amd64 (12.2.0-14+deb12u1) ...
2026-Feb-10 22:26:39.393301
#21 29.46 Selecting previously unselected package libgomp1:amd64.
2026-Feb-10 22:26:39.521153
#21 29.47 Preparing to unpack .../21-libgomp1_12.2.0-14+deb12u1_amd64.deb ...
2026-Feb-10 22:26:39.521153
#21 29.48 Unpacking libgomp1:amd64 (12.2.0-14+deb12u1) ...
2026-Feb-10 22:26:39.521153
#21 29.58 Selecting previously unselected package libitm1:amd64.
2026-Feb-10 22:26:39.663965
#21 29.59 Preparing to unpack .../22-libitm1_12.2.0-14+deb12u1_amd64.deb ...
2026-Feb-10 22:26:39.686061
#21 29.60 Unpacking libitm1:amd64 (12.2.0-14+deb12u1) ...
2026-Feb-10 22:26:39.686061
#21 29.73 Selecting previously unselected package libatomic1:amd64.
2026-Feb-10 22:26:39.802958
#21 29.74 Preparing to unpack .../23-libatomic1_12.2.0-14+deb12u1_amd64.deb ...
2026-Feb-10 22:26:39.802958
#21 29.75 Unpacking libatomic1:amd64 (12.2.0-14+deb12u1) ...
2026-Feb-10 22:26:39.802958
#21 29.87 Selecting previously unselected package libasan8:amd64.
2026-Feb-10 22:26:39.802958
#21 29.87 Preparing to unpack .../24-libasan8_12.2.0-14+deb12u1_amd64.deb ...
2026-Feb-10 22:26:39.964838
#21 29.88 Unpacking libasan8:amd64 (12.2.0-14+deb12u1) ...
2026-Feb-10 22:26:40.351759
#21 30.41 Selecting previously unselected package liblsan0:amd64.
2026-Feb-10 22:26:40.509306
#21 30.42 Preparing to unpack .../25-liblsan0_12.2.0-14+deb12u1_amd64.deb ...
2026-Feb-10 22:26:40.509306
#21 30.43 Unpacking liblsan0:amd64 (12.2.0-14+deb12u1) ...
2026-Feb-10 22:26:40.598561
#21 30.67 Selecting previously unselected package libtsan2:amd64.
2026-Feb-10 22:26:40.757035
#21 30.67 Preparing to unpack .../26-libtsan2_12.2.0-14+deb12u1_amd64.deb ...
2026-Feb-10 22:26:40.757035
#21 30.68 Unpacking libtsan2:amd64 (12.2.0-14+deb12u1) ...
2026-Feb-10 22:26:41.229087
#21 31.30 Selecting previously unselected package libubsan1:amd64.
2026-Feb-10 22:26:41.395994
#21 31.30 Preparing to unpack .../27-libubsan1_12.2.0-14+deb12u1_amd64.deb ...
2026-Feb-10 22:26:41.395994
#21 31.31 Unpacking libubsan1:amd64 (12.2.0-14+deb12u1) ...
2026-Feb-10 22:26:41.503063
#21 31.57 Selecting previously unselected package libquadmath0:amd64.
2026-Feb-10 22:26:41.668084
#21 31.58 Preparing to unpack .../28-libquadmath0_12.2.0-14+deb12u1_amd64.deb ...
2026-Feb-10 22:26:41.668084
#21 31.59 Unpacking libquadmath0:amd64 (12.2.0-14+deb12u1) ...
2026-Feb-10 22:26:41.678368
#21 31.75 Selecting previously unselected package libgcc-12-dev:amd64.
2026-Feb-10 22:26:41.834626
#21 31.75 Preparing to unpack .../29-libgcc-12-dev_12.2.0-14+deb12u1_amd64.deb ...
2026-Feb-10 22:26:41.847927
#21 31.75 Unpacking libgcc-12-dev:amd64 (12.2.0-14+deb12u1) ...
2026-Feb-10 22:26:42.264592
#21 32.33 Selecting previously unselected package gcc-12.
2026-Feb-10 22:26:42.426445
#21 32.34 Preparing to unpack .../30-gcc-12_12.2.0-14+deb12u1_amd64.deb ...
2026-Feb-10 22:26:42.426445
#21 32.35 Unpacking gcc-12 (12.2.0-14+deb12u1) ...
2026-Feb-10 22:26:44.548969
#21 34.62 Selecting previously unselected package gcc.
2026-Feb-10 22:26:44.707805
#21 34.62 Preparing to unpack .../31-gcc_4%3a12.2.0-3_amd64.deb ...
2026-Feb-10 22:26:44.707805
#21 34.63 Unpacking gcc (4:12.2.0-3) ...
2026-Feb-10 22:26:44.707805
#21 34.78 Selecting previously unselected package libc-dev-bin.
2026-Feb-10 22:26:44.707805
#21 34.78 Preparing to unpack .../32-libc-dev-bin_2.36-9+deb12u13_amd64.deb ...
2026-Feb-10 22:26:44.842791
#21 34.79 Unpacking libc-dev-bin (2.36-9+deb12u13) ...
2026-Feb-10 22:26:44.842791
#21 34.91 Selecting previously unselected package linux-libc-dev:amd64.
2026-Feb-10 22:26:45.008477
#21 34.92 Preparing to unpack .../33-linux-libc-dev_6.1.162-1_amd64.deb ...
2026-Feb-10 22:26:45.008477
#21 34.93 Unpacking linux-libc-dev:amd64 (6.1.162-1) ...
2026-Feb-10 22:26:45.505825
#21 35.58 Selecting previously unselected package libcrypt-dev:amd64.
2026-Feb-10 22:26:45.505825
#21 35.58 Preparing to unpack .../34-libcrypt-dev_1%3a4.4.33-2_amd64.deb ...
2026-Feb-10 22:26:45.696088
#21 35.62 Unpacking libcrypt-dev:amd64 (1:4.4.33-2) ...
2026-Feb-10 22:26:45.716510
#21 35.79 Selecting previously unselected package libtirpc-dev:amd64.
2026-Feb-10 22:26:45.885925
#21 35.79 Preparing to unpack .../35-libtirpc-dev_1.3.3+ds-1_amd64.deb ...
2026-Feb-10 22:26:45.885925
#21 35.80 Unpacking libtirpc-dev:amd64 (1.3.3+ds-1) ...
2026-Feb-10 22:26:45.914875
#21 35.98 Selecting previously unselected package libnsl-dev:amd64.
2026-Feb-10 22:26:45.914875
#21 35.98 Preparing to unpack .../36-libnsl-dev_1.3.0-2_amd64.deb ...
2026-Feb-10 22:26:46.077722
#21 36.00 Unpacking libnsl-dev:amd64 (1.3.0-2) ...
2026-Feb-10 22:26:46.092078
#21 36.16 Selecting previously unselected package rpcsvc-proto.
2026-Feb-10 22:26:46.252688
#21 36.17 Preparing to unpack .../37-rpcsvc-proto_1.4.3-1_amd64.deb ...
2026-Feb-10 22:26:46.252688
#21 36.17 Unpacking rpcsvc-proto (1.4.3-1) ...
2026-Feb-10 22:26:46.252688
#21 36.32 Selecting previously unselected package libc6-dev:amd64.
2026-Feb-10 22:26:46.410564
#21 36.32 Preparing to unpack .../38-libc6-dev_2.36-9+deb12u13_amd64.deb ...
2026-Feb-10 22:26:46.410564
#21 36.33 Unpacking libc6-dev:amd64 (2.36-9+deb12u13) ...
2026-Feb-10 22:26:46.963762
#21 37.03 Selecting previously unselected package libstdc++-12-dev:amd64.
2026-Feb-10 22:26:47.133738
#21 37.04 Preparing to unpack .../39-libstdc++-12-dev_12.2.0-14+deb12u1_amd64.deb ...
2026-Feb-10 22:26:47.133738
#21 37.05 Unpacking libstdc++-12-dev:amd64 (12.2.0-14+deb12u1) ...
2026-Feb-10 22:26:47.672054
#21 37.74 Selecting previously unselected package g++-12.
2026-Feb-10 22:26:47.672054
#21 37.74 Preparing to unpack .../40-g++-12_12.2.0-14+deb12u1_amd64.deb ...
2026-Feb-10 22:26:47.828888
#21 37.75 Unpacking g++-12 (12.2.0-14+deb12u1) ...
2026-Feb-10 22:26:49.442240
#21 39.51 Selecting previously unselected package g++.
2026-Feb-10 22:26:49.585123
#21 39.51 Preparing to unpack .../41-g++_4%3a12.2.0-3_amd64.deb ...
2026-Feb-10 22:26:49.585123
#21 39.53 Unpacking g++ (4:12.2.0-3) ...
2026-Feb-10 22:26:49.585123
#21 39.65 Selecting previously unselected package libabsl20220623:amd64.
2026-Feb-10 22:26:49.749803
#21 39.65 Preparing to unpack .../42-libabsl20220623_20220623.1-1+deb12u2_amd64.deb ...
2026-Feb-10 22:26:49.749803
#21 39.66 Unpacking libabsl20220623:amd64 (20220623.1-1+deb12u2) ...
2026-Feb-10 22:26:49.912696
#21 39.98 Selecting previously unselected package libaom3:amd64.
2026-Feb-10 22:26:50.079419
#21 39.99 Preparing to unpack .../43-libaom3_3.6.0-1+deb12u2_amd64.deb ...
2026-Feb-10 22:26:50.079419
#21 40.00 Unpacking libaom3:amd64 (3.6.0-1+deb12u2) ...
2026-Feb-10 22:26:50.373798
#21 40.44 Selecting previously unselected package libdav1d6:amd64.
2026-Feb-10 22:26:50.535735
#21 40.45 Preparing to unpack .../44-libdav1d6_1.0.0-2+deb12u1_amd64.deb ...
2026-Feb-10 22:26:50.535735
#21 40.45 Unpacking libdav1d6:amd64 (1.0.0-2+deb12u1) ...
2026-Feb-10 22:26:50.585995
#21 40.65 Selecting previously unselected package libgav1-1:amd64.
2026-Feb-10 22:26:50.744206
#21 40.66 Preparing to unpack .../45-libgav1-1_0.18.0-1+b1_amd64.deb ...
2026-Feb-10 22:26:50.744206
#21 40.66 Unpacking libgav1-1:amd64 (0.18.0-1+b1) ...
2026-Feb-10 22:26:50.808810
#21 40.88 Selecting previously unselected package librav1e0:amd64.
2026-Feb-10 22:26:50.808810
#21 40.88 Preparing to unpack .../46-librav1e0_0.5.1-6_amd64.deb ...
2026-Feb-10 22:26:50.968535
2026-Feb-10 22:26:50.981300
#21 40.89 Unpacking librav1e0:amd64 (0.5.1-6) ...
2026-Feb-10 22:26:51.170130
#21 41.24 Selecting previously unselected package libsvtav1enc1:amd64.
2026-Feb-10 22:26:51.341074
#21 41.24 Preparing to unpack .../47-libsvtav1enc1_1.4.1+dfsg-1_amd64.deb ...
2026-Feb-10 22:26:51.341074
#21 41.26 Unpacking libsvtav1enc1:amd64 (1.4.1+dfsg-1) ...
2026-Feb-10 22:26:51.624403
#21 41.69 Selecting previously unselected package libjpeg62-turbo:amd64.
2026-Feb-10 22:26:51.753727
#21 41.70 Preparing to unpack .../48-libjpeg62-turbo_1%3a2.1.5-2_amd64.deb ...
2026-Feb-10 22:26:51.753727
#21 41.70 Unpacking libjpeg62-turbo:amd64 (1:2.1.5-2) ...
2026-Feb-10 22:26:51.753727
#21 41.82 Selecting previously unselected package libyuv0:amd64.
2026-Feb-10 22:26:51.911024
#21 41.82 Preparing to unpack .../49-libyuv0_0.0~git20230123.b2528b0-1_amd64.deb ...
2026-Feb-10 22:26:51.911024
#21 41.83 Unpacking libyuv0:amd64 (0.0~git20230123.b2528b0-1) ...
2026-Feb-10 22:26:51.929664
#21 42.00 Selecting previously unselected package libavif15:amd64.
2026-Feb-10 22:26:52.086960
#21 42.00 Preparing to unpack .../50-libavif15_0.11.1-1+deb12u1_amd64.deb ...
2026-Feb-10 22:26:52.086960
#21 42.01 Unpacking libavif15:amd64 (0.11.1-1+deb12u1) ...
2026-Feb-10 22:26:52.122177
#21 42.19 Selecting previously unselected package libbrotli1:amd64.
2026-Feb-10 22:26:52.280777
#21 42.20 Preparing to unpack .../51-libbrotli1_1.0.9-2+b6_amd64.deb ...
2026-Feb-10 22:26:52.280777
#21 42.20 Unpacking libbrotli1:amd64 (1.0.9-2+b6) ...
2026-Feb-10 22:26:52.280777
#21 42.35 Selecting previously unselected package libbsd0:amd64.
2026-Feb-10 22:26:52.401263
#21 42.35 Preparing to unpack .../52-libbsd0_0.11.7-2_amd64.deb ...
2026-Feb-10 22:26:52.401263
#21 42.36 Unpacking libbsd0:amd64 (0.11.7-2) ...
2026-Feb-10 22:26:52.401263
#21 42.46 Selecting previously unselected package libpng16-16:amd64.
2026-Feb-10 22:26:52.543740
#21 42.46 Preparing to unpack .../53-libpng16-16_1.6.39-2+deb12u1_amd64.deb ...
2026-Feb-10 22:26:52.543740
#21 42.47 Unpacking libpng16-16:amd64 (1.6.39-2+deb12u1) ...
2026-Feb-10 22:26:52.543740
#21 42.61 Selecting previously unselected package libfreetype6:amd64.
2026-Feb-10 22:26:52.713994
#21 42.62 Preparing to unpack .../54-libfreetype6_2.12.1+dfsg-5+deb12u4_amd64.deb ...
2026-Feb-10 22:26:52.713994
#21 42.63 Unpacking libfreetype6:amd64 (2.12.1+dfsg-5+deb12u4) ...
2026-Feb-10 22:26:52.752325
#21 42.82 Selecting previously unselected package libfontconfig1:amd64.
2026-Feb-10 22:26:52.903985
#21 42.83 Preparing to unpack .../55-libfontconfig1_2.14.1-4_amd64.deb ...
2026-Feb-10 22:26:52.903985
#21 42.84 Unpacking libfontconfig1:amd64 (2.14.1-4) ...
2026-Feb-10 22:26:52.903985
#21 42.97 Selecting previously unselected package libde265-0:amd64.
2026-Feb-10 22:26:53.064515
#21 42.98 Preparing to unpack .../56-libde265-0_1.0.11-1+deb12u2_amd64.deb ...
2026-Feb-10 22:26:53.064515
#21 42.98 Unpacking libde265-0:amd64 (1.0.11-1+deb12u2) ...
2026-Feb-10 22:26:53.084536
#21 43.15 Selecting previously unselected package libnuma1:amd64.
2026-Feb-10 22:26:53.239957
#21 43.15 Preparing to unpack .../57-libnuma1_2.0.16-1_amd64.deb ...
2026-Feb-10 22:26:53.239957
#21 43.17 Unpacking libnuma1:amd64 (2.0.16-1) ...
2026-Feb-10 22:26:53.239957
#21 43.31 Selecting previously unselected package libx265-199:amd64.
2026-Feb-10 22:26:53.394623
#21 43.31 Preparing to unpack .../58-libx265-199_3.5-2+b1_amd64.deb ...
2026-Feb-10 22:26:53.394623
#21 43.31 Unpacking libx265-199:amd64 (3.5-2+b1) ...
2026-Feb-10 22:26:53.758258
#21 43.83 Selecting previously unselected package libheif1:amd64.
2026-Feb-10 22:26:53.922911
#21 43.83 Preparing to unpack .../59-libheif1_1.15.1-1+deb12u1_amd64.deb ...
2026-Feb-10 22:26:53.922911
#21 43.84 Unpacking libheif1:amd64 (1.15.1-1+deb12u1) ...
2026-Feb-10 22:26:53.922911
#21 43.99 Selecting previously unselected package libdeflate0:amd64.
2026-Feb-10 22:26:54.093460
#21 44.00 Preparing to unpack .../60-libdeflate0_1.14-1_amd64.deb ...
2026-Feb-10 22:26:54.093460
#21 44.01 Unpacking libdeflate0:amd64 (1.14-1) ...
2026-Feb-10 22:26:54.093460
#21 44.16 Selecting previously unselected package libjbig0:amd64.
2026-Feb-10 22:26:54.199460
#21 44.16 Preparing to unpack .../61-libjbig0_2.1-6.1_amd64.deb ...
2026-Feb-10 22:26:54.199460
#21 44.17 Unpacking libjbig0:amd64 (2.1-6.1) ...
2026-Feb-10 22:26:54.199460
#21 44.26 Selecting previously unselected package liblerc4:amd64.
2026-Feb-10 22:26:54.199460
#21 44.26 Preparing to unpack .../62-liblerc4_4.0.0+ds-2_amd64.deb ...
2026-Feb-10 22:26:54.199460
#21 44.27 Unpacking liblerc4:amd64 (4.0.0+ds-2) ...
2026-Feb-10 22:26:54.351243
#21 44.42 Selecting previously unselected package libwebp7:amd64.
2026-Feb-10 22:26:54.527210
#21 44.43 Preparing to unpack .../63-libwebp7_1.2.4-0.2+deb12u1_amd64.deb ...
2026-Feb-10 22:26:54.527210
#21 44.45 Unpacking libwebp7:amd64 (1.2.4-0.2+deb12u1) ...
2026-Feb-10 22:26:54.570845
#21 44.64 Selecting previously unselected package libtiff6:amd64.
2026-Feb-10 22:26:54.741459
#21 44.64 Preparing to unpack .../64-libtiff6_4.5.0-6+deb12u3_amd64.deb ...
2026-Feb-10 22:26:54.741459
#21 44.66 Unpacking libtiff6:amd64 (4.5.0-6+deb12u3) ...
2026-Feb-10 22:26:54.809887
#21 44.88 Selecting previously unselected package libxau6:amd64.
2026-Feb-10 22:26:54.916484
#21 44.89 Preparing to unpack .../65-libxau6_1%3a1.0.9-1_amd64.deb ...
2026-Feb-10 22:26:54.929189
#21 44.90 Unpacking libxau6:amd64 (1:1.0.9-1) ...
2026-Feb-10 22:26:54.929189
#21 44.97 Selecting previously unselected package libxdmcp6:amd64.
2026-Feb-10 22:26:54.929189
#21 44.97 Preparing to unpack .../66-libxdmcp6_1%3a1.1.2-3_amd64.deb ...
2026-Feb-10 22:26:54.929189
#21 44.99 Unpacking libxdmcp6:amd64 (1:1.1.2-3) ...
2026-Feb-10 22:26:55.102480
#21 45.07 Selecting previously unselected package libxcb1:amd64.
2026-Feb-10 22:26:55.102480
#21 45.07 Preparing to unpack .../67-libxcb1_1.15-1_amd64.deb ...
2026-Feb-10 22:26:55.102480
#21 45.07 Unpacking libxcb1:amd64 (1.15-1) ...
2026-Feb-10 22:26:55.102480
#21 45.17 Selecting previously unselected package libx11-data.
2026-Feb-10 22:26:55.263513
#21 45.18 Preparing to unpack .../68-libx11-data_2%3a1.8.4-2+deb12u2_all.deb ...
2026-Feb-10 22:26:55.263513
#21 45.18 Unpacking libx11-data (2:1.8.4-2+deb12u2) ...
2026-Feb-10 22:26:55.299704
#21 45.37 Selecting previously unselected package libx11-6:amd64.
2026-Feb-10 22:26:55.456254
#21 45.38 Preparing to unpack .../69-libx11-6_2%3a1.8.4-2+deb12u2_amd64.deb ...
2026-Feb-10 22:26:55.456254
#21 45.38 Unpacking libx11-6:amd64 (2:1.8.4-2+deb12u2) ...
2026-Feb-10 22:26:55.570792
#21 45.64 Selecting previously unselected package libxpm4:amd64.
2026-Feb-10 22:26:55.696708
#21 45.65 Preparing to unpack .../70-libxpm4_1%3a3.5.12-1.1+deb12u1_amd64.deb ...
2026-Feb-10 22:26:55.696708
#21 45.66 Unpacking libxpm4:amd64 (1:3.5.12-1.1+deb12u1) ...
2026-Feb-10 22:26:55.696708
#21 45.77 Selecting previously unselected package libgd3:amd64.
2026-Feb-10 22:26:55.831774
#21 45.77 Preparing to unpack .../71-libgd3_2.3.3-9_amd64.deb ...
2026-Feb-10 22:26:55.831774
#21 45.79 Unpacking libgd3:amd64 (2.3.3-9) ...
2026-Feb-10 22:26:55.831774
#21 45.90 Selecting previously unselected package libc-devtools.
2026-Feb-10 22:26:55.995971
#21 45.91 Preparing to unpack .../72-libc-devtools_2.36-9+deb12u13_amd64.deb ...
2026-Feb-10 22:26:55.995971
#21 45.91 Unpacking libc-devtools (2.36-9+deb12u13) ...
2026-Feb-10 22:26:56.049646
#21 46.11 Selecting previously unselected package libgpm2:amd64.
2026-Feb-10 22:26:56.164642
#21 46.12 Preparing to unpack .../73-libgpm2_1.20.7-10+b1_amd64.deb ...
2026-Feb-10 22:26:56.164642
#21 46.13 Unpacking libgpm2:amd64 (1.20.7-10+b1) ...
2026-Feb-10 22:26:56.164642
#21 46.23 Selecting previously unselected package make.
2026-Feb-10 22:26:56.164642
#21 46.23 Preparing to unpack .../74-make_4.3-4.1_amd64.deb ...
2026-Feb-10 22:26:56.326007
#21 46.24 Unpacking make (4.3-4.1) ...
2026-Feb-10 22:26:56.356325
#21 46.43 Selecting previously unselected package manpages-dev.
2026-Feb-10 22:26:56.374351
2026-Feb-10 22:26:56.519558
#21 46.43 Preparing to unpack .../75-manpages-dev_6.03-2_all.deb ...
2026-Feb-10 22:26:56.519558
#21 46.44 Unpacking manpages-dev (6.03-2) ...
2026-Feb-10 22:26:57.219272
#21 47.29 Setting up media-types (10.0.0) ...
2026-Feb-10 22:26:57.232088
2026-Feb-10 22:26:57.335911
#21 47.37 Setting up libaom3:amd64 (3.6.0-1+deb12u2) ...
2026-Feb-10 22:26:57.335911
#21 47.39 Setting up libabsl20220623:amd64 (20220623.1-1+deb12u2) ...
2026-Feb-10 22:26:57.335911
#21 47.41 Setting up libxau6:amd64 (1:1.0.9-1) ...
2026-Feb-10 22:26:57.461081
#21 47.42 Setting up libkeyutils1:amd64 (1.6.3-2) ...
2026-Feb-10 22:26:57.461081
#21 47.43 Setting up libgpm2:amd64 (1.20.7-10+b1) ...
2026-Feb-10 22:26:57.461081
#21 47.44 Setting up liblerc4:amd64 (4.0.0+ds-2) ...
2026-Feb-10 22:26:57.461081
#21 47.46 Setting up manpages (6.03-2) ...
2026-Feb-10 22:26:57.461081
#21 47.47 Setting up libtirpc-common (1.3.3+ds-1) ...
2026-Feb-10 22:26:57.461081
#21 47.48 Setting up libbrotli1:amd64 (1.0.9-2+b6) ...
2026-Feb-10 22:26:57.461081
#21 47.49 Setting up libsqlite3-0:amd64 (3.40.1-2+deb12u2) ...
2026-Feb-10 22:26:57.461081
#21 47.50 Setting up binutils-common:amd64 (2.40-2) ...
2026-Feb-10 22:26:57.461081
#21 47.52 Setting up libdeflate0:amd64 (1.14-1) ...
2026-Feb-10 22:26:57.566979
#21 47.54 Setting up linux-libc-dev:amd64 (6.1.162-1) ...
2026-Feb-10 22:26:57.566979
#21 47.55 Setting up libctf-nobfd0:amd64 (2.40-2) ...
2026-Feb-10 22:26:57.566979
#21 47.57 Setting up krb5-locales (1.20.1-2+deb12u4) ...
2026-Feb-10 22:26:57.566979
#21 47.59 Setting up libsvtav1enc1:amd64 (1.4.1+dfsg-1) ...
2026-Feb-10 22:26:57.566979
#21 47.60 Setting up libgomp1:amd64 (12.2.0-14+deb12u1) ...
2026-Feb-10 22:26:57.566979
#21 47.62 Setting up libjbig0:amd64 (2.1-6.1) ...
2026-Feb-10 22:26:57.566979
#21 47.64 Setting up librav1e0:amd64 (0.5.1-6) ...
2026-Feb-10 22:26:57.692045
#21 47.66 Setting up libjansson4:amd64 (2.14-2) ...
2026-Feb-10 22:26:57.692045
#21 47.67 Setting up libkrb5support0:amd64 (1.20.1-2+deb12u4) ...
2026-Feb-10 22:26:57.692045
#21 47.69 Setting up rpcsvc-proto (1.4.3-1) ...
2026-Feb-10 22:26:57.692045
#21 47.71 Setting up libjpeg62-turbo:amd64 (1:2.1.5-2) ...
2026-Feb-10 22:26:57.692045
#21 47.73 Setting up libx11-data (2:1.8.4-2+deb12u2) ...
2026-Feb-10 22:26:57.692045
#21 47.75 Setting up make (4.3-4.1) ...
2026-Feb-10 22:26:57.882953
#21 47.77 Setting up libmpfr6:amd64 (4.2.0-1) ...
2026-Feb-10 22:26:57.882953
#21 47.79 Setting up libquadmath0:amd64 (12.2.0-14+deb12u1) ...
2026-Feb-10 22:26:57.882953
#21 47.80 Setting up libpng16-16:amd64 (1.6.39-2+deb12u1) ...
2026-Feb-10 22:26:57.882953
#21 47.82 Setting up libmpc3:amd64 (1.3.1-1) ...
2026-Feb-10 22:26:57.882953
#21 47.84 Setting up libatomic1:amd64 (12.2.0-14+deb12u1) ...
2026-Feb-10 22:26:57.882953
#21 47.86 Setting up fonts-dejavu-core (2.37-6) ...
2026-Feb-10 22:26:57.882953
#21 47.95 Setting up libgav1-1:amd64 (0.18.0-1+b1) ...
2026-Feb-10 22:26:57.985553
#21 47.97 Setting up libncursesw6:amd64 (6.4-4) ...
2026-Feb-10 22:26:57.985553
#21 47.98 Setting up libk5crypto3:amd64 (1.20.1-2+deb12u4) ...
2026-Feb-10 22:26:57.985553
#21 48.00 Setting up libdav1d6:amd64 (1.0.0-2+deb12u1) ...
2026-Feb-10 22:26:57.985553
#21 48.02 Setting up libwebp7:amd64 (1.2.4-0.2+deb12u1) ...
2026-Feb-10 22:26:57.985553
#21 48.03 Setting up libubsan1:amd64 (12.2.0-14+deb12u1) ...
2026-Feb-10 22:26:57.985553
#21 48.04 Setting up libnuma1:amd64 (2.0.16-1) ...
2026-Feb-10 22:26:57.985553
#21 48.05 Setting up libcrypt-dev:amd64 (1:4.4.33-2) ...
2026-Feb-10 22:26:58.094589
#21 48.07 Setting up libtiff6:amd64 (4.5.0-6+deb12u3) ...
2026-Feb-10 22:26:58.109949
#21 48.09 Setting up libasan8:amd64 (12.2.0-14+deb12u1) ...
2026-Feb-10 22:26:58.109949
#21 48.12 Setting up libkrb5-3:amd64 (1.20.1-2+deb12u4) ...
2026-Feb-10 22:26:58.109949
#21 48.13 Setting up libtsan2:amd64 (12.2.0-14+deb12u1) ...
2026-Feb-10 22:26:58.109949
#21 48.15 Setting up libbinutils:amd64 (2.40-2) ...
2026-Feb-10 22:26:58.109949
#21 48.16 Setting up libisl23:amd64 (0.25-1.1) ...
2026-Feb-10 22:26:58.213214
#21 48.19 Setting up libde265-0:amd64 (1.0.11-1+deb12u2) ...
2026-Feb-10 22:26:58.213214
#21 48.22 Setting up libc-dev-bin (2.36-9+deb12u13) ...
2026-Feb-10 22:26:58.213214
#21 48.24 Setting up openssl (3.0.18-1~deb12u2) ...
2026-Feb-10 22:26:58.213214
#21 48.28 Setting up libbsd0:amd64 (0.11.7-2) ...
2026-Feb-10 22:26:58.320221
#21 48.30 Setting up libyuv0:amd64 (0.0~git20230123.b2528b0-1) ...
2026-Feb-10 22:26:58.320221
#21 48.31 Setting up readline-common (8.2-1.3) ...
2026-Feb-10 22:26:58.320221
#21 48.34 Setting up libcc1-0:amd64 (12.2.0-14+deb12u1) ...
2026-Feb-10 22:26:58.320221
#21 48.38 Setting up liblsan0:amd64 (12.2.0-14+deb12u1) ...
2026-Feb-10 22:26:58.320221
#21 48.38 Setting up libitm1:amd64 (12.2.0-14+deb12u1) ...
2026-Feb-10 22:26:58.320221
#21 48.39 Setting up libctf0:amd64 (2.40-2) ...
2026-Feb-10 22:26:58.453311
#21 48.41 Setting up manpages-dev (6.03-2) ...
2026-Feb-10 22:26:58.453311
#21 48.43 Setting up libxdmcp6:amd64 (1:1.1.2-3) ...
2026-Feb-10 22:26:58.453311
#21 48.45 Setting up cpp-12 (12.2.0-14+deb12u1) ...
2026-Feb-10 22:26:58.453311
#21 48.46 Setting up libxcb1:amd64 (1.15-1) ...
2026-Feb-10 22:26:58.453311
#21 48.48 Setting up libavif15:amd64 (0.11.1-1+deb12u1) ...
2026-Feb-10 22:26:58.597293
#21 48.50 Setting up fontconfig-config (2.14.1-4) ...
2026-Feb-10 22:26:58.642713
#21 48.71 debconf: unable to initialize frontend: Dialog
2026-Feb-10 22:26:58.795750
#21 48.71 debconf: (TERM is not set, so the dialog frontend is not usable.)
2026-Feb-10 22:26:58.813873
#21 48.71 debconf: falling back to frontend: Readline
2026-Feb-10 22:26:58.813873
#21 48.71 debconf: unable to initialize frontend: Readline
2026-Feb-10 22:26:58.813873
#21 48.71 debconf: (Can't locate Term/ReadLine.pm in @INC (you may need to install the Term::ReadLine module) (@INC contains: /etc/perl /usr/local/lib/x86_64-linux-gnu/perl/5.36.0 /usr/local/share/perl/5.36.0 /usr/lib/x86_64-linux-gnu/perl5/5.36 /usr/share/perl5 /usr/lib/x86_64-linux-gnu/perl-base /usr/lib/x86_64-linux-gnu/perl/5.36 /usr/share/perl/5.36 /usr/local/lib/site_perl) at /usr/share/perl5/Debconf/FrontEnd/Readline.pm line 7.)
2026-Feb-10 22:26:58.813873
#21 48.71 debconf: falling back to frontend: Teletype
2026-Feb-10 22:26:59.350300
#21 49.42 Setting up libreadline8:amd64 (8.2-1.3) ...
2026-Feb-10 22:26:59.506516
#21 49.43 Setting up ca-certificates (20230311+deb12u1) ...
2026-Feb-10 22:26:59.506516
#21 49.57 debconf: unable to initialize frontend: Dialog
2026-Feb-10 22:26:59.506516
#21 49.57 debconf: (TERM is not set, so the dialog frontend is not usable.)
2026-Feb-10 22:26:59.506516
#21 49.57 debconf: falling back to frontend: Readline
2026-Feb-10 22:26:59.629301
#21 49.58 debconf: unable to initialize frontend: Readline
2026-Feb-10 22:26:59.629301
#21 49.58 debconf: (Can't locate Term/ReadLine.pm in @INC (you may need to install the Term::ReadLine module) (@INC contains: /etc/perl /usr/local/lib/x86_64-linux-gnu/perl/5.36.0 /usr/local/share/perl/5.36.0 /usr/lib/x86_64-linux-gnu/perl5/5.36 /usr/share/perl5 /usr/lib/x86_64-linux-gnu/perl-base /usr/lib/x86_64-linux-gnu/perl/5.36 /usr/share/perl/5.36 /usr/local/lib/site_perl) at /usr/share/perl5/Debconf/FrontEnd/Readline.pm line 7.)
2026-Feb-10 22:26:59.629301
#21 49.58 debconf: falling back to frontend: Teletype
2026-Feb-10 22:26:59.629301
#21 ...
2026-Feb-10 22:26:59.629301
2026-Feb-10 22:26:59.629301
#33 [chronusdev-backend runner  6/11] RUN npm ci --workspace=apps/backend --omit=dev
2026-Feb-10 22:26:59.629301
#33 47.50
2026-Feb-10 22:26:59.629301
#33 47.50 added 273 packages, and audited 275 packages in 47s
2026-Feb-10 22:26:59.802726
#33 47.51
2026-Feb-10 22:26:59.802726
#33 47.51 47 packages are looking for funding
2026-Feb-10 22:26:59.802726
#33 47.51   run `npm fund` for details
2026-Feb-10 22:26:59.802726
#33 47.52
2026-Feb-10 22:26:59.802726
#33 47.52 1 high severity vulnerability
2026-Feb-10 22:26:59.802726
#33 47.52
2026-Feb-10 22:26:59.802726
#33 47.52 To address all issues, run:
2026-Feb-10 22:26:59.802726
#33 47.52   npm audit fix
2026-Feb-10 22:26:59.802726
#33 47.52
2026-Feb-10 22:26:59.802726
#33 47.52 Run `npm audit` for details.
2026-Feb-10 22:26:59.802726
#33 47.52 npm notice
2026-Feb-10 22:26:59.802726
#33 47.52 npm notice New major version of npm available! 10.8.2 -> 11.9.0
2026-Feb-10 22:26:59.802726
#33 47.52 npm notice Changelog: https://github.com/npm/cli/releases/tag/v11.9.0
2026-Feb-10 22:26:59.802726
#33 47.52 npm notice To update run: npm install -g npm@11.9.0
2026-Feb-10 22:26:59.802726
#33 47.52 npm notice
2026-Feb-10 22:27:00.236556
#33 DONE 48.1s
2026-Feb-10 22:27:00.236556
2026-Feb-10 22:27:00.236556
#34 [chronuscrm-frontend builder 4/6] RUN npm ci
2026-Feb-10 22:27:00.598858
#34 ...
2026-Feb-10 22:27:00.598858
2026-Feb-10 22:27:00.598858
#25 [chronusdev-backend builder 5/7] RUN npm ci --workspace=apps/backend
2026-Feb-10 22:27:00.598858
#25 50.30
2026-Feb-10 22:27:00.598858
#25 50.30 added 285 packages, and audited 287 packages in 49s
2026-Feb-10 22:27:00.766320
#25 50.30
2026-Feb-10 22:27:00.766320
#25 50.30 49 packages are looking for funding
2026-Feb-10 22:27:00.766320
#25 50.30   run `npm fund` for details
2026-Feb-10 22:27:00.766320
#25 50.32
2026-Feb-10 22:27:00.766320
#25 50.32 1 high severity vulnerability
2026-Feb-10 22:27:00.766320
#25 50.32
2026-Feb-10 22:27:00.766320
#25 50.32 To address all issues, run:
2026-Feb-10 22:27:00.766320
#25 50.32   npm audit fix
2026-Feb-10 22:27:00.766320
#25 50.32
2026-Feb-10 22:27:00.766320
#25 50.32 Run `npm audit` for details.
2026-Feb-10 22:27:00.766320
#25 50.32 npm notice
2026-Feb-10 22:27:00.766320
#25 50.32 npm notice New major version of npm available! 10.8.2 -> 11.9.0
2026-Feb-10 22:27:00.766320
#25 50.32 npm notice Changelog: https://github.com/npm/cli/releases/tag/v11.9.0
2026-Feb-10 22:27:00.766320
#25 50.32 npm notice To update run: npm install -g npm@11.9.0
2026-Feb-10 22:27:00.766320
#25 50.32 npm notice
2026-Feb-10 22:27:00.909514
#25 DONE 50.6s
2026-Feb-10 22:27:00.909514
2026-Feb-10 22:27:00.909514
#21 [chronuscrm-backend builder 2/9] RUN apt-get update && apt-get install -y openssl python3 make g++
2026-Feb-10 22:27:01.070218
#21 ...
2026-Feb-10 22:27:01.070218
2026-Feb-10 22:27:01.070218
#35 [chronusdev-backend builder 6/7] COPY apps/backend ./apps/backend
2026-Feb-10 22:27:01.146543
#35 DONE 0.2s
2026-Feb-10 22:27:01.146543
2026-Feb-10 22:27:01.146543
#31 [chronusdev-frontend builder 5/7] RUN npm ci --workspace=apps/frontend
2026-Feb-10 22:27:01.311135
#31 ...
2026-Feb-10 22:27:01.311135
2026-Feb-10 22:27:01.311135
#36 [chronusdev-backend builder 7/7] RUN npm run --workspace=apps/backend build
2026-Feb-10 22:27:02.456561
#36 1.307
2026-Feb-10 22:27:02.456561
#36 1.307 > @chronusdev/backend@0.1.0 build
2026-Feb-10 22:27:02.456561
#36 1.307 > prisma generate && tsc -p tsconfig.json
2026-Feb-10 22:27:02.456561
#36 1.307
2026-Feb-10 22:27:03.523419
#36 2.371 prisma:warn Prisma failed to detect the libssl/openssl version to use, and may not work as expected. Defaulting to "openssl-1.1.x".
2026-Feb-10 22:27:03.523419
#36 2.371 Please manually install OpenSSL and try installing Prisma again.
2026-Feb-10 22:27:03.936749
#36 2.788 Prisma schema loaded from prisma/schema.prisma
2026-Feb-10 22:27:04.134004
#36 2.984 prisma:warn Prisma failed to detect the libssl/openssl version to use, and may not work as expected. Defaulting to "openssl-1.1.x".
2026-Feb-10 22:27:04.134004
#36 2.984 Please manually install OpenSSL and try installing Prisma again.
2026-Feb-10 22:27:06.936594
#36 ...
2026-Feb-10 22:27:06.936594
2026-Feb-10 22:27:06.936594
#21 [chronuscrm-backend builder 2/9] RUN apt-get update && apt-get install -y openssl python3 make g++
2026-Feb-10 22:27:06.936594
#21 51.92 Updating certificates in /etc/ssl/certs...
2026-Feb-10 22:27:06.936594
#21 54.80 142 added, 0 removed; done.
2026-Feb-10 22:27:06.936594
#21 54.87 Setting up libgprofng0:amd64 (2.40-2) ...
2026-Feb-10 22:27:06.936594
#21 54.89 Setting up libfreetype6:amd64 (2.12.1+dfsg-5+deb12u4) ...
2026-Feb-10 22:27:06.936594
#21 54.91 Setting up libgcc-12-dev:amd64 (12.2.0-14+deb12u1) ...
2026-Feb-10 22:27:06.936594
#21 54.92 Setting up libgssapi-krb5-2:amd64 (1.20.1-2+deb12u4) ...
2026-Feb-10 22:27:06.936594
#21 54.94 Setting up libx265-199:amd64 (3.5-2+b1) ...
2026-Feb-10 22:27:06.936594
#21 54.96 Setting up cpp (4:12.2.0-3) ...
2026-Feb-10 22:27:06.936594
#21 55.01 Setting up libx11-6:amd64 (2:1.8.4-2+deb12u2) ...
2026-Feb-10 22:27:06.936594
#21 55.03 Setting up libfontconfig1:amd64 (2.14.1-4) ...
2026-Feb-10 22:27:06.936594
#21 55.05 Setting up binutils-x86-64-linux-gnu (2.40-2) ...
2026-Feb-10 22:27:06.936594
#21 55.07 Setting up libtirpc3:amd64 (1.3.3+ds-1) ...
2026-Feb-10 22:27:06.936594
#21 55.09 Setting up libxpm4:amd64 (1:3.5.12-1.1+deb12u1) ...
2026-Feb-10 22:27:06.936594
#21 55.11 Setting up libheif1:amd64 (1.15.1-1+deb12u1) ...
2026-Feb-10 22:27:06.936594
#21 55.12 Setting up binutils (2.40-2) ...
2026-Feb-10 22:27:06.936594
#21 55.14 Setting up libtirpc-dev:amd64 (1.3.3+ds-1) ...
2026-Feb-10 22:27:06.936594
#21 55.21 Setting up gcc-12 (12.2.0-14+deb12u1) ...
2026-Feb-10 22:27:06.936594
#21 55.22 Setting up libgd3:amd64 (2.3.3-9) ...
2026-Feb-10 22:27:06.936594
#21 55.24 Setting up libnsl2:amd64 (1.3.0-2) ...
2026-Feb-10 22:27:06.936594
#21 55.25 Setting up libc-devtools (2.36-9+deb12u13) ...
2026-Feb-10 22:27:06.936594
#21 55.27 Setting up libpython3.11-stdlib:amd64 (3.11.2-6+deb12u6) ...
2026-Feb-10 22:27:06.936594
#21 55.28 Setting up gcc (4:12.2.0-3) ...
2026-Feb-10 22:27:06.936594
#21 55.33 Setting up libnsl-dev:amd64 (1.3.0-2) ...
2026-Feb-10 22:27:06.936594
#21 55.34 Setting up libc6-dev:amd64 (2.36-9+deb12u13) ...
2026-Feb-10 22:27:06.936594
#21 55.35 Setting up libpython3-stdlib:amd64 (3.11.2-1+b1) ...
2026-Feb-10 22:27:06.936594
#21 55.36 Setting up python3.11 (3.11.2-6+deb12u6) ...
2026-Feb-10 22:27:07.426323
#21 57.49 Setting up libstdc++-12-dev:amd64 (12.2.0-14+deb12u1) ...
2026-Feb-10 22:27:07.626875
#21 57.52 Setting up python3 (3.11.2-1+b1) ...
2026-Feb-10 22:27:07.626875
#21 57.55 running python rtupdate hooks for python3.11...
2026-Feb-10 22:27:07.626875
#21 57.55 running python post-rtupdate hooks for python3.11...
2026-Feb-10 22:27:07.718829
#21 57.79 Setting up g++-12 (12.2.0-14+deb12u1) ...
2026-Feb-10 22:27:07.737517
2026-Feb-10 22:27:07.920773
#21 57.80 Setting up g++ (4:12.2.0-3) ...
2026-Feb-10 22:27:07.920773
#21 57.82 update-alternatives: using /usr/bin/g++ to provide /usr/bin/c++ (c++) in auto mode
2026-Feb-10 22:27:07.920773
#21 57.84 Processing triggers for libc-bin (2.36-9+deb12u13) ...
2026-Feb-10 22:27:07.968614
#21 58.04 Processing triggers for ca-certificates (20230311+deb12u1) ...
2026-Feb-10 22:27:08.139414
#21 58.06 Updating certificates in /etc/ssl/certs...
2026-Feb-10 22:27:10.281694
#21 ...
2026-Feb-10 22:27:10.281694
2026-Feb-10 22:27:10.281694
#36 [chronusdev-backend builder 7/7] RUN npm run --workspace=apps/backend build
2026-Feb-10 22:27:10.281694
#36 9.131
2026-Feb-10 22:27:10.281694
#36 9.131 ✔ Generated Prisma Client (v5.19.1) to ./../../node_modules/@prisma/client in 1.67s
2026-Feb-10 22:27:10.281694
#36 9.131
2026-Feb-10 22:27:10.281694
#36 9.131 Start by importing your Prisma Client (See: http://pris.ly/d/importing-client)
2026-Feb-10 22:27:10.281694
#36 9.131
2026-Feb-10 22:27:10.281694
#36 9.131 Tip: Want to react to database changes in your app as they happen? Discover how with Pulse: https://pris.ly/tip-1-pulse
2026-Feb-10 22:27:10.303935
#36 9.131
2026-Feb-10 22:27:11.077177
#36 ...
2026-Feb-10 22:27:11.077177
2026-Feb-10 22:27:11.077177
#21 [chronuscrm-backend builder 2/9] RUN apt-get update && apt-get install -y openssl python3 make g++
2026-Feb-10 22:27:11.077177
#21 60.46 0 added, 0 removed; done.
2026-Feb-10 22:27:11.077177
#21 60.46 Running hooks in /etc/ca-certificates/update.d...
2026-Feb-10 22:27:11.077177
#21 60.46 done.
2026-Feb-10 22:27:11.077177
#21 DONE 61.1s
2026-Feb-10 22:27:11.187256
#37 [chronuscrm-backend builder 3/9] WORKDIR /app
2026-Feb-10 22:27:11.187256
#37 DONE 0.1s
2026-Feb-10 22:27:11.187256
2026-Feb-10 22:27:11.187256
#34 [chronuscrm-frontend builder 4/6] RUN npm ci
2026-Feb-10 22:27:11.325497
#34 ...
2026-Feb-10 22:27:11.325497
2026-Feb-10 22:27:11.325497
#38 [chronuscrm-backend builder 4/9] COPY package*.json ./
2026-Feb-10 22:27:11.325497
#38 DONE 0.1s
2026-Feb-10 22:27:11.435041
#39 [chronuscrm-backend builder 5/9] COPY prisma ./prisma/
2026-Feb-10 22:27:11.435041
#39 DONE 0.1s
2026-Feb-10 22:27:11.435041
2026-Feb-10 22:27:11.435041
#34 [chronuscrm-frontend builder 4/6] RUN npm ci
2026-Feb-10 22:27:11.593125
#34 ...
2026-Feb-10 22:27:11.593125
2026-Feb-10 22:27:11.593125
#40 [chronuscrm-backend builder 6/9] RUN npm ci
2026-Feb-10 22:27:12.852306
#40 ...
2026-Feb-10 22:27:12.852306
2026-Feb-10 22:27:12.852306
#31 [chronusdev-frontend builder 5/7] RUN npm ci --workspace=apps/frontend
2026-Feb-10 22:27:12.852306
#31 62.01
2026-Feb-10 22:27:12.852306
#31 62.01 added 198 packages, and audited 200 packages in 1m
2026-Feb-10 22:27:12.852306
#31 62.01
2026-Feb-10 22:27:12.852306
#31 62.01 28 packages are looking for funding
2026-Feb-10 22:27:12.852306
#31 62.01   run `npm fund` for details
2026-Feb-10 22:27:12.852306
#31 62.19
2026-Feb-10 22:27:12.852306
#31 62.19 2 high severity vulnerabilities
2026-Feb-10 22:27:12.852306
#31 62.19
2026-Feb-10 22:27:12.852306
#31 62.19 To address all issues possible (including breaking changes), run:
2026-Feb-10 22:27:12.852306
#31 62.19   npm audit fix --force
2026-Feb-10 22:27:12.852306
#31 62.19
2026-Feb-10 22:27:12.852306
#31 62.19 Some issues need review, and may require choosing
2026-Feb-10 22:27:12.852306
#31 62.19 a different dependency.
2026-Feb-10 22:27:12.852306
#31 62.19
2026-Feb-10 22:27:12.852306
#31 62.19 Run `npm audit` for details.
2026-Feb-10 22:27:12.852306
#31 62.20 npm notice
2026-Feb-10 22:27:12.852306
#31 62.20 npm notice New major version of npm available! 10.8.2 -> 11.9.0
2026-Feb-10 22:27:12.852306
#31 62.20 npm notice Changelog: https://github.com/npm/cli/releases/tag/v11.9.0
2026-Feb-10 22:27:12.852306
#31 62.20 npm notice To update run: npm install -g npm@11.9.0
2026-Feb-10 22:27:12.852306
#31 62.20 npm notice
2026-Feb-10 22:27:12.852306
#31 DONE 62.6s
2026-Feb-10 22:27:12.971832
#41 [chronusdev-frontend builder 6/7] COPY apps/frontend ./apps/frontend
2026-Feb-10 22:27:12.971832
#41 DONE 0.1s
2026-Feb-10 22:27:12.971832
2026-Feb-10 22:27:12.971832
#34 [chronuscrm-frontend builder 4/6] RUN npm ci
2026-Feb-10 22:27:13.128413
#34 ...
2026-Feb-10 22:27:13.128413
2026-Feb-10 22:27:13.128413
#42 [chronusdev-frontend builder 7/7] RUN npm run --workspace=apps/frontend build
2026-Feb-10 22:27:13.976744
#42 1.002
2026-Feb-10 22:27:13.976744
#42 1.002 > chronusdev-frontend@0.1.0 build
2026-Feb-10 22:27:13.976744
#42 1.002 > next build
2026-Feb-10 22:27:13.993961
#42 1.002
2026-Feb-10 22:27:15.596540
#42 ...
2026-Feb-10 22:27:15.596540
2026-Feb-10 22:27:15.596540
#34 [chronuscrm-frontend builder 4/6] RUN npm ci
2026-Feb-10 22:27:15.596540
#34 65.04
2026-Feb-10 22:27:15.596540
#34 65.04 added 324 packages, and audited 325 packages in 1m
2026-Feb-10 22:27:15.596540
#34 65.04
2026-Feb-10 22:27:15.596540
#34 65.04 46 packages are looking for funding
2026-Feb-10 22:27:15.596540
#34 65.04   run `npm fund` for details
2026-Feb-10 22:27:15.596540
#34 65.12
2026-Feb-10 22:27:15.596540
#34 65.12 3 vulnerabilities (1 moderate, 2 high)
2026-Feb-10 22:27:15.596540
#34 65.12
2026-Feb-10 22:27:15.596540
#34 65.12 To address issues that do not require attention, run:
2026-Feb-10 22:27:15.596540
#34 65.12   npm audit fix
2026-Feb-10 22:27:15.596540
#34 65.12
2026-Feb-10 22:27:15.596540
#34 65.12 To address all issues possible (including breaking changes), run:
2026-Feb-10 22:27:15.596540
#34 65.12   npm audit fix --force
2026-Feb-10 22:27:15.596540
#34 65.12
2026-Feb-10 22:27:15.596540
#34 65.12 Some issues need review, and may require choosing
2026-Feb-10 22:27:15.596540
#34 65.12 a different dependency.
2026-Feb-10 22:27:15.596540
#34 65.12
2026-Feb-10 22:27:15.596540
#34 65.12 Run `npm audit` for details.
2026-Feb-10 22:27:15.596540
#34 65.13 npm notice
2026-Feb-10 22:27:15.596540
#34 65.13 npm notice New major version of npm available! 10.8.2 -> 11.9.0
2026-Feb-10 22:27:15.596540
#34 65.13 npm notice Changelog: https://github.com/npm/cli/releases/tag/v11.9.0
2026-Feb-10 22:27:15.596540
#34 65.13 npm notice To update run: npm install -g npm@11.9.0
2026-Feb-10 22:27:15.596540
#34 65.13 npm notice
2026-Feb-10 22:27:15.596540
#34 DONE 65.5s
2026-Feb-10 22:27:15.697416
#42 [chronusdev-frontend builder 7/7] RUN npm run --workspace=apps/frontend build
2026-Feb-10 22:27:15.697416
#42 2.721 Attention: Next.js now collects completely anonymous telemetry regarding usage.
2026-Feb-10 22:27:15.844199
#42 2.726 This information is used to shape Next.js' roadmap and prioritize features.
2026-Feb-10 22:27:15.844199
#42 2.726 You can learn more, including how to opt-out if you'd not like to participate in this anonymous program, by visiting the following URL:
2026-Feb-10 22:27:15.844199
#42 2.726 https://nextjs.org/telemetry
2026-Feb-10 22:27:15.844199
#42 2.726
2026-Feb-10 22:27:15.844199
#42 2.869   ▲ Next.js 14.2.35
2026-Feb-10 22:27:16.018640
#42 ...
2026-Feb-10 22:27:16.018640
2026-Feb-10 22:27:16.018640
#43 [chronuscrm-frontend builder 5/6] COPY apps/crm-frontend ./
2026-Feb-10 22:27:16.018640
#43 DONE 0.3s
2026-Feb-10 22:27:16.018640
2026-Feb-10 22:27:16.018640
#42 [chronusdev-frontend builder 7/7] RUN npm run --workspace=apps/frontend build
2026-Feb-10 22:27:16.018640
#42 2.870
2026-Feb-10 22:27:16.018640
#42 3.042    Creating an optimized production build ...
2026-Feb-10 22:27:20.745570
#42 ...
2026-Feb-10 22:27:20.745570
2026-Feb-10 22:27:20.745570
#40 [chronuscrm-backend builder 6/9] RUN npm ci
2026-Feb-10 22:27:20.745570
#40 8.856 npm warn deprecated scmp@2.1.0: Just use Node.js's crypto.timingSafeEqual()
2026-Feb-10 22:27:21.715278
#40 10.28 npm warn deprecated lodash.isequal@4.5.0: This package is deprecated. Use require('node:util').isDeepStrictEqual instead.
2026-Feb-10 22:27:21.913901
#40 10.48 npm warn deprecated lodash.get@4.4.2: This package is deprecated. Use the optional chaining (?.) operator instead.
2026-Feb-10 22:27:22.624825
#40 11.18 npm warn deprecated inflight@1.0.6: This module is not supported, and leaks memory. Do not use it. Check out lru-cache if you want a good and tested way to coalesce async requests by a key value, which is much more comprehensive and powerful.
2026-Feb-10 22:27:25.922684
#40 ...
2026-Feb-10 22:27:25.922684
2026-Feb-10 22:27:25.922684
#44 [chronuscrm-frontend builder 6/6] RUN npm run build
2026-Feb-10 22:27:25.922684
#44 0.935
2026-Feb-10 22:27:25.922684
#44 0.935 > @chronusdev/crm-frontend@0.1.0 build
2026-Feb-10 22:27:25.922684
#44 0.935 > next build
2026-Feb-10 22:27:25.922684
#44 0.935
2026-Feb-10 22:27:25.922684
#44 2.687 Attention: Next.js now collects completely anonymous telemetry regarding usage.
2026-Feb-10 22:27:25.922684
#44 2.691 This information is used to shape Next.js' roadmap and prioritize features.
2026-Feb-10 22:27:25.922684
#44 2.691 You can learn more, including how to opt-out if you'd not like to participate in this anonymous program, by visiting the following URL:
2026-Feb-10 22:27:25.922684
#44 2.691 https://nextjs.org/telemetry
2026-Feb-10 22:27:25.922684
#44 2.691
2026-Feb-10 22:27:25.922684
#44 2.833   ▲ Next.js 14.2.35
2026-Feb-10 22:27:25.922684
#44 2.833
2026-Feb-10 22:27:25.922684
#44 3.135    Creating an optimized production build ...
2026-Feb-10 22:27:25.943417
#44 ...
2026-Feb-10 22:27:25.943417
2026-Feb-10 22:27:25.943417
#40 [chronuscrm-backend builder 6/9] RUN npm ci
2026-Feb-10 22:27:25.943417
#40 14.50 npm warn deprecated node-domexception@1.0.0: Use your platform's native DOMException instead
2026-Feb-10 22:27:28.516439
#40 17.08 npm warn deprecated glob@7.1.6: Glob versions prior to v9 are no longer supported
2026-Feb-10 22:27:28.672656
#40 17.08 npm warn deprecated glob@7.2.3: Glob versions prior to v9 are no longer supported
2026-Feb-10 22:27:29.972340
#40 18.53 npm warn deprecated jpeg-exif@1.1.4: Package no longer supported. Contact Support at https://www.npmjs.com/support for more info.
2026-Feb-10 22:27:56.414976
#40 ...
2026-Feb-10 22:27:56.414976
2026-Feb-10 22:27:56.414976
#36 [chronusdev-backend builder 7/7] RUN npm run --workspace=apps/backend build
2026-Feb-10 22:27:56.414976
#36 55.20 src/activity.ts(70,14): error TS2741: Property 'STANDUP' is missing in type '{ CREATED: string; UPDATED: string; DELETED: string; STATUS_CHANGE: string; ASSIGNMENT: string; COMMENT: string; TIMELOG_STARTED: string; TIMELOG_STOPPED: string; PAYOUT_CREATED: string; }' but required in type 'Record<ActivityType, string>'.
2026-Feb-10 22:27:56.939897
#36 55.79 npm error Lifecycle script `build` failed with error:
2026-Feb-10 22:27:57.101097
#36 55.79 npm error code 2
2026-Feb-10 22:27:57.101097
#36 55.79 npm error path /app/apps/backend
2026-Feb-10 22:27:57.101097
#36 55.79 npm error workspace @chronusdev/backend@0.1.0
2026-Feb-10 22:27:57.101097
#36 55.79 npm error location /app/apps/backend
2026-Feb-10 22:27:57.101097
#36 55.79 npm error command failed
2026-Feb-10 22:27:57.101097
#36 55.79 npm error command sh -c prisma generate && tsc -p tsconfig.json
2026-Feb-10 22:27:57.197035
#36 ERROR: process "/bin/sh -c npm run --workspace=apps/backend build" did not complete successfully: exit code: 2
2026-Feb-10 22:27:57.197035
2026-Feb-10 22:27:57.197035
#42 [chronusdev-frontend builder 7/7] RUN npm run --workspace=apps/frontend build
2026-Feb-10 22:28:00.471403
------
2026-Feb-10 22:28:00.471403
> [chronusdev-backend builder 7/7] RUN npm run --workspace=apps/backend build:
2026-Feb-10 22:28:00.489621
9.131 Tip: Want to react to database changes in your app as they happen? Discover how with Pulse: https://pris.ly/tip-1-pulse
2026-Feb-10 22:28:00.489621
9.131
2026-Feb-10 22:28:00.489621
55.20 src/activity.ts(70,14): error TS2741: Property 'STANDUP' is missing in type '{ CREATED: string; UPDATED: string; DELETED: string; STATUS_CHANGE: string; ASSIGNMENT: string; COMMENT: string; TIMELOG_STARTED: string; TIMELOG_STOPPED: string; PAYOUT_CREATED: string; }' but required in type 'Record<ActivityType, string>'.
2026-Feb-10 22:28:00.489621
55.79 npm error Lifecycle script `build` failed with error:
2026-Feb-10 22:28:00.489621
55.79 npm error code 2
2026-Feb-10 22:28:00.489621
55.79 npm error path /app/apps/backend
2026-Feb-10 22:28:00.489621
55.79 npm error workspace @chronusdev/backend@0.1.0
2026-Feb-10 22:28:00.489621
55.79 npm error location /app/apps/backend
2026-Feb-10 22:28:00.489621
55.79 npm error command failed
2026-Feb-10 22:28:00.489621
55.79 npm error command sh -c prisma generate && tsc -p tsconfig.json
2026-Feb-10 22:28:00.489621
------
2026-Feb-10 22:28:00.508319
Dockerfile:55
2026-Feb-10 22:28:00.508319
2026-Feb-10 22:28:00.508319
--------------------
2026-Feb-10 22:28:00.508319
2026-Feb-10 22:28:00.508319
53 |
2026-Feb-10 22:28:00.508319
2026-Feb-10 22:28:00.508319
54 |     # Build TypeScript
2026-Feb-10 22:28:00.508319
2026-Feb-10 22:28:00.508319
55 | >>> RUN npm run --workspace=apps/backend build
2026-Feb-10 22:28:00.508319
2026-Feb-10 22:28:00.508319
56 |
2026-Feb-10 22:28:00.508319
2026-Feb-10 22:28:00.508319
57 |     # Production stage
2026-Feb-10 22:28:00.508319
2026-Feb-10 22:28:00.508319
--------------------
2026-Feb-10 22:28:00.508319
2026-Feb-10 22:28:00.508319
target chronusdev-backend: failed to solve: process "/bin/sh -c npm run --workspace=apps/backend build" did not complete successfully: exit code: 2
2026-Feb-10 22:28:00.533201
exit status 1
2026-Feb-10 22:28:00.657678
========================================
2026-Feb-10 22:28:00.686154
Deployment failed: Command execution failed (exit code 1): docker exec k80oggso00wg48sskcogcos8 bash -c 'COOLIFY_BRANCH=main COOLIFY_RESOURCE_UUID=awoc4ggoows4ooskwgcs4w44  docker compose --env-file /artifacts/build-time.env --project-name awoc4ggoows4ooskwgcs4w44 --project-directory /artifacts/k80oggso00wg48sskcogcos8 -f /artifacts/k80oggso00wg48sskcogcos8/docker-compose.yml build --pull --build-arg COOLIFY_URL --build-arg COOLIFY_FQDN --build-arg CHRONUSDEV_URL --build-arg CRM_FRONTEND_URL --build-arg DATABASE_URL --build-arg CRM_BACKEND_INTERNAL_URL --build-arg CHRONUSDEV_DATABASE_URL --build-arg GOOGLE_CLIENT_ID --build-arg GOOGLE_CLIENT_SECRET --build-arg JWT_SECRET --build-arg NEXT_PUBLIC_API_URL --build-arg API_PUBLIC_URL --build-arg CHRONUSDEV_API_URL --build-arg CHRONUSDEV_TOKEN --build-arg ASSISTAI_API_URL --build-arg ASSISTAI_TENANT_DOMAIN --build-arg ASSISTAI_ORG_CODE --build-arg SERVICE_URL_CHRONUSDEV_BACKEND --build-arg NEXT_PUBLIC_CRM_URL --build-arg SERVICE_FQDN_CHRONUSDEV_BACKEND --build-arg SERVICE_URL_CHRONUSDEV_FRONTEND --build-arg SERVICE_FQDN_CHRONUSDEV_FRONTEND --build-arg SERVICE_URL_CHRONUSCRM_BACKEND --build-arg SERVICE_FQDN_CHRONUSCRM_BACKEND --build-arg SERVICE_URL_CHRONUSCRM_FRONTEND --build-arg SERVICE_FQDN_CHRONUSCRM_FRONTEND --build-arg ASSISTAI_API_TOKEN --build-arg PORT --build-arg CHRONUSDEV_FRONTEND_URL --build-arg CRM_PUBLIC_URL --build-arg GOOGLE_REDIRECT_URI --build-arg NEXT_PUBLIC_CRM_API_URL --build-arg NEXT_PUBLIC_CHRONUS_APP_URL --build-arg CHRONUSDEV_BACKEND_URL --build-arg NEXT_PUBLIC_CRM_APP_URL --build-arg CRM_SYNC_KEY --build-arg CHRONUSCRM_API_URL --build-arg CHRONUSDEV_FRONTEND_API_URL --build-arg COOLIFY_BUILD_SECRETS_HASH=b32889914b1a615ee6e6b2942936754d68f226765f44c6681b680072da4c0543'
2026-Feb-10 22:28:00.686154
Error: Dockerfile:55
2026-Feb-10 22:28:00.686154
2026-Feb-10 22:28:00.686154
--------------------
2026-Feb-10 22:28:00.686154
2026-Feb-10 22:28:00.686154
53 |
2026-Feb-10 22:28:00.686154
2026-Feb-10 22:28:00.686154
54 |     # Build TypeScript
2026-Feb-10 22:28:00.686154
2026-Feb-10 22:28:00.686154
55 | >>> RUN npm run --workspace=apps/backend build
2026-Feb-10 22:28:00.686154
2026-Feb-10 22:28:00.686154
56 |
2026-Feb-10 22:28:00.686154
2026-Feb-10 22:28:00.686154
57 |     # Production stage
2026-Feb-10 22:28:00.686154
2026-Feb-10 22:28:00.686154
--------------------
2026-Feb-10 22:28:00.686154
2026-Feb-10 22:28:00.686154
target chronusdev-backend: failed to solve: process "/bin/sh -c npm run --workspace=apps/backend build" did not complete successfully: exit code: 2
2026-Feb-10 22:28:00.686154
2026-Feb-10 22:28:00.686154
exit status 1
2026-Feb-10 22:28:00.715536
Error type: RuntimeException
2026-Feb-10 22:28:00.745098
Error code: 0
2026-Feb-10 22:28:00.772137
Location: /var/www/html/app/Traits/ExecuteRemoteCommand.php:243
2026-Feb-10 22:28:00.801901
Stack trace (first 5 lines):
2026-Feb-10 22:28:00.831249
#0 /var/www/html/app/Traits/ExecuteRemoteCommand.php(104): App\Jobs\ApplicationDeploymentJob->executeCommandWithProcess()
2026-Feb-10 22:28:00.863595
#1 /var/www/html/vendor/laravel/framework/src/Illuminate/Collections/Traits/EnumeratesValues.php(271): App\Jobs\ApplicationDeploymentJob->{closure:App\Traits\ExecuteRemoteCommand::execute_remote_command():71}()
2026-Feb-10 22:28:00.899198
#2 /var/www/html/app/Traits/ExecuteRemoteCommand.php(71): Illuminate\Support\Collection->each()
2026-Feb-10 22:28:00.929100
#3 /var/www/html/app/Jobs/ApplicationDeploymentJob.php(730): App\Jobs\ApplicationDeploymentJob->execute_remote_command()
2026-Feb-10 22:28:00.957644
#4 /var/www/html/app/Jobs/ApplicationDeploymentJob.php(467): App\Jobs\ApplicationDeploymentJob->deploy_docker_compose_buildpack()
2026-Feb-10 22:28:00.990839
========================================
2026-Feb-10 22:28:02.635577
Gracefully shutting down build container: k80oggso00wg48sskcogcos8
2026-Feb-10 22:28:03.558567
[CMD]: docker stop -t 30 k80oggso00wg48sskcogcos8
2026-Feb-10 22:28:03.558567
k80oggso00wg48sskcogcos8